#
# There is insufficient memory for the Java Runtime Environment to continue.
# Native memory allocation (malloc) failed to allocate 1361024 bytes for Chunk::new
# Possible reasons:
#   The system is out of physical RAM or swap space
#   The process is running with CompressedOops enabled, and the Java Heap may be blocking the growth of the native heap
# Possible solutions:
#   Reduce memory load on the system
#   Increase physical memory or swap space
#   Check if swap backing store is full
#   Decrease Java heap size (-Xmx/-Xms)
#   Decrease number of Java threads
#   Decrease Java thread stack sizes (-Xss)
#   Set larger code cache with -XX:ReservedCodeCacheSize=
#   JVM is running with Unscaled Compressed Oops mode in which the Java heap is
#     placed in the first 4GB address space. The Java Heap base address is the
#     maximum limit for the native heap growth. Please use -XX:HeapBaseMinAddress
#     to set the Java Heap base and to place the Java Heap above 4GB virtual address.
# This output file may be truncated or incomplete.
#
#  Out of Memory Error (arena.cpp:184), pid=45680, tid=36132
#
# JRE version: Java(TM) SE Runtime Environment (20.0.1+9) (build 20.0.1+9-29)
# Java VM: Java HotSpot(TM) 64-Bit Server VM (20.0.1+9-29, mixed mode, sharing, tiered, compressed oops, compressed class ptrs, g1 gc, windows-amd64)
# No core dump will be written. Minidumps are not enabled by default on client versions of Windows
#

---------------  S U M M A R Y ------------

Command Line: -Dfile.encoding=UTF-8 --module-path=C:\Users\mkjai\OneDrive\Documents\NetBeansProjects\LibraryManagement\build\classes Library.IssueBook

Host: AMD Ryzen 5 5500U with Radeon Graphics         , 12 cores, 7G,  Windows 11 , 64 bit Build 22621 (10.0.22621.1635)
Time: Fri Jun  9 12:16:59 2023 India Standard Time elapsed time: 1.486570 seconds (0d 0h 0m 1s)

---------------  T H R E A D  ---------------

Current thread (0x0000023dbf668010):  JavaThread "C2 CompilerThread2" daemon [_thread_in_native, id=36132, stack(0x00000080f3c00000,0x00000080f3d00000)]


Current CompileTask:
C2:   1486 1283       4       sun.security.ec.ECOperations::setDouble (463 bytes)

Stack: [0x00000080f3c00000,0x00000080f3d00000]
Native frames: (J=compiled Java code, j=interpreted, Vv=VM code, C=native code)
V  [jvm.dll+0x6bb95a]
V  [jvm.dll+0x8485fa]
V  [jvm.dll+0x84a1f5]
V  [jvm.dll+0x84a8f3]
V  [jvm.dll+0x280b0f]
V  [jvm.dll+0xc2b11]
V  [jvm.dll+0xc2e35]
V  [jvm.dll+0x3bb17c]
V  [jvm.dll+0x3857f5]
V  [jvm.dll+0x384c6a]
V  [jvm.dll+0x24b259]
V  [jvm.dll+0x24a651]
V  [jvm.dll+0x1ce491]
V  [jvm.dll+0x259e1b]
V  [jvm.dll+0x2584f0]
V  [jvm.dll+0x3f2895]
V  [jvm.dll+0x7f4b56]
V  [jvm.dll+0x6ba5cb]
C  [ucrtbase.dll+0x29363]
C  [KERNEL32.DLL+0x126ad]
C  [ntdll.dll+0x5a9f8]


---------------  P R O C E S S  ---------------

Threads class SMR info:
_java_thread_list=0x0000023dc451dc80, length=16, elements={
0x0000023d9d0d9070, 0x0000023db9b91d10, 0x0000023db9b92650, 0x0000023db9b98050,
0x0000023db9b9d650, 0x0000023db9b9cbb0, 0x0000023db9b9b120, 0x0000023db9bc8cb0,
0x0000023db9bccb30, 0x0000023db9b9a130, 0x0000023db9b9a680, 0x0000023db9b9abd0,
0x0000023db9b9bbc0, 0x0000023db9b9d100, 0x0000023dbf111b40, 0x0000023dbf668010
}

Java Threads: ( => current thread )
  0x0000023d9d0d9070 JavaThread "main" [_thread_in_Java, id=24024, stack(0x00000080f1b00000,0x00000080f1c00000)]
  0x0000023db9b91d10 JavaThread "Reference Handler" daemon [_thread_blocked, id=34432, stack(0x00000080f2200000,0x00000080f2300000)]
  0x0000023db9b92650 JavaThread "Finalizer" daemon [_thread_blocked, id=35832, stack(0x00000080f2300000,0x00000080f2400000)]
  0x0000023db9b98050 JavaThread "Signal Dispatcher" daemon [_thread_blocked, id=32608, stack(0x00000080f2400000,0x00000080f2500000)]
  0x0000023db9b9d650 JavaThread "Attach Listener" daemon [_thread_blocked, id=37276, stack(0x00000080f2500000,0x00000080f2600000)]
  0x0000023db9b9cbb0 JavaThread "Service Thread" daemon [_thread_blocked, id=40944, stack(0x00000080f2600000,0x00000080f2700000)]
  0x0000023db9b9b120 JavaThread "Monitor Deflation Thread" daemon [_thread_blocked, id=19780, stack(0x00000080f2700000,0x00000080f2800000)]
  0x0000023db9bc8cb0 JavaThread "C2 CompilerThread0" daemon [_thread_in_native, id=46352, stack(0x00000080f2800000,0x00000080f2900000)]
  0x0000023db9bccb30 JavaThread "C1 CompilerThread0" daemon [_thread_in_native, id=43328, stack(0x00000080f2900000,0x00000080f2a00000)]
  0x0000023db9b9a130 JavaThread "Common-Cleaner" daemon [_thread_blocked, id=46568, stack(0x00000080f2a00000,0x00000080f2b00000)]
  0x0000023db9b9a680 JavaThread "Notification Thread" daemon [_thread_blocked, id=38024, stack(0x00000080f2b00000,0x00000080f2c00000)]
  0x0000023db9b9abd0 JavaThread "Java2D Disposer" daemon [_thread_blocked, id=37828, stack(0x00000080f2d00000,0x00000080f2e00000)]
  0x0000023db9b9bbc0 JavaThread "AWT-Windows" daemon [_thread_in_native, id=23876, stack(0x00000080f2f00000,0x00000080f3000000)]
  0x0000023db9b9d100 JavaThread "mysql-cj-abandoned-connection-cleanup" daemon [_thread_blocked, id=40648, stack(0x00000080f3a00000,0x00000080f3b00000)]
  0x0000023dbf111b40 JavaThread "C2 CompilerThread1" daemon [_thread_in_native, id=40932, stack(0x00000080f3b00000,0x00000080f3c00000)]
=>0x0000023dbf668010 JavaThread "C2 CompilerThread2" daemon [_thread_in_native, id=36132, stack(0x00000080f3c00000,0x00000080f3d00000)]

Other Threads:
  0x0000023db9b76190 VMThread "VM Thread" [stack: 0x00000080f2100000,0x00000080f2200000] [id=27196]
  0x0000023dbdee8c20 WatcherThread "VM Periodic Task Thread" [stack: 0x00000080f2c00000,0x00000080f2d00000] [id=18188]
  0x0000023d9d133960 WorkerThread "GC Thread#0" [stack: 0x00000080f1c00000,0x00000080f1d00000] [id=14544]
  0x0000023d9d1432f0 ConcurrentGCThread "G1 Main Marker" [stack: 0x00000080f1d00000,0x00000080f1e00000] [id=24848]
  0x0000023d9d144020 WorkerThread "G1 Conc#0" [stack: 0x00000080f1e00000,0x00000080f1f00000] [id=20020]
  0x0000023db9a36550 ConcurrentGCThread "G1 Refine#0" [stack: 0x00000080f1f00000,0x00000080f2000000] [id=43448]
  0x0000023d9d18e640 ConcurrentGCThread "G1 Service" [stack: 0x00000080f2000000,0x00000080f2100000] [id=42988]

Threads with active compile tasks:
C2 CompilerThread0     1515 1464       4       java.util.HashMap::get (19 bytes)
C1 CompilerThread0     1515 1475       3       sun.util.locale.LocaleUtils::toUpperString (95 bytes)
C2 CompilerThread1     1515 1444       4       java.util.regex.Matcher::search (154 bytes)
C2 CompilerThread2     1515 1283       4       sun.security.ec.ECOperations::setDouble (463 bytes)

VM state: not at safepoint (normal execution)

VM Mutex/Monitor currently owned by a thread: None

Heap address: 0x000000008ac00000, size: 1876 MB, Compressed Oops mode: 32-bit

CDS archive(s) mapped at: [0x0000000800000000-0x0000000800c60000-0x0000000800c60000), size 12976128, SharedBaseAddress: 0x0000000800000000, ArchiveRelocationMode: 0.
Compressed class space mapped at: 0x0000000801000000-0x0000000841000000, reserved size: 1073741824
Narrow klass base: 0x0000000800000000, Narrow klass shift: 0, Narrow klass range: 0x100000000

GC Precious Log:
 CardTable entry size: 512
 Card Set container configuration: InlinePtr #cards 5 size 8 Array Of Cards #cards 12 size 40 Howl #buckets 4 coarsen threshold 1843 Howl Bitmap #cards 512 size 80 coarsen threshold 460 Card regions per heap region 1 cards per card region 2048
 CPUs: 12 total, 12 available
 Memory: 7502M
 Large Page Support: Disabled
 NUMA Support: Disabled
 Compressed Oops: Enabled (32-bit)
 Heap Region Size: 1M
 Heap Min Capacity: 8M
 Heap Initial Capacity: 118M
 Heap Max Capacity: 1876M
 Pre-touch: Disabled
 Parallel Workers: 10
 Concurrent Workers: 3
 Concurrent Refinement Workers: 10
 Periodic GC: Disabled

Heap:
 garbage-first heap   total 120832K, used 17408K [0x000000008ac00000, 0x0000000100000000)
  region size 1024K, 19 young (19456K), 0 survivors (0K)
 Metaspace       used 14668K, committed 14912K, reserved 1114112K
  class space    used 1631K, committed 1728K, reserved 1048576K

Heap Regions: E=young(eden), S=young(survivor), O=old, HS=humongous(starts), HC=humongous(continues), CS=collection set, F=free, OA=open archive, CA=closed archive, TAMS=top-at-mark-start, PB=parsable bottom
|   0|0x000000008ac00000, 0x000000008ac00000, 0x000000008ad00000|  0%| F|  |TAMS 0x000000008ac00000| PB 0x000000008ac00000| Untracked 
|   1|0x000000008ad00000, 0x000000008ad00000, 0x000000008ae00000|  0%| F|  |TAMS 0x000000008ad00000| PB 0x000000008ad00000| Untracked 
|   2|0x000000008ae00000, 0x000000008ae00000, 0x000000008af00000|  0%| F|  |TAMS 0x000000008ae00000| PB 0x000000008ae00000| Untracked 
|   3|0x000000008af00000, 0x000000008af00000, 0x000000008b000000|  0%| F|  |TAMS 0x000000008af00000| PB 0x000000008af00000| Untracked 
|   4|0x000000008b000000, 0x000000008b000000, 0x000000008b100000|  0%| F|  |TAMS 0x000000008b000000| PB 0x000000008b000000| Untracked 
|   5|0x000000008b100000, 0x000000008b100000, 0x000000008b200000|  0%| F|  |TAMS 0x000000008b100000| PB 0x000000008b100000| Untracked 
|   6|0x000000008b200000, 0x000000008b200000, 0x000000008b300000|  0%| F|  |TAMS 0x000000008b200000| PB 0x000000008b200000| Untracked 
|   7|0x000000008b300000, 0x000000008b300000, 0x000000008b400000|  0%| F|  |TAMS 0x000000008b300000| PB 0x000000008b300000| Untracked 
|   8|0x000000008b400000, 0x000000008b400000, 0x000000008b500000|  0%| F|  |TAMS 0x000000008b400000| PB 0x000000008b400000| Untracked 
|   9|0x000000008b500000, 0x000000008b500000, 0x000000008b600000|  0%| F|  |TAMS 0x000000008b500000| PB 0x000000008b500000| Untracked 
|  10|0x000000008b600000, 0x000000008b600000, 0x000000008b700000|  0%| F|  |TAMS 0x000000008b600000| PB 0x000000008b600000| Untracked 
|  11|0x000000008b700000, 0x000000008b700000, 0x000000008b800000|  0%| F|  |TAMS 0x000000008b700000| PB 0x000000008b700000| Untracked 
|  12|0x000000008b800000, 0x000000008b800000, 0x000000008b900000|  0%| F|  |TAMS 0x000000008b800000| PB 0x000000008b800000| Untracked 
|  13|0x000000008b900000, 0x000000008b900000, 0x000000008ba00000|  0%| F|  |TAMS 0x000000008b900000| PB 0x000000008b900000| Untracked 
|  14|0x000000008ba00000, 0x000000008ba00000, 0x000000008bb00000|  0%| F|  |TAMS 0x000000008ba00000| PB 0x000000008ba00000| Untracked 
|  15|0x000000008bb00000, 0x000000008bb00000, 0x000000008bc00000|  0%| F|  |TAMS 0x000000008bb00000| PB 0x000000008bb00000| Untracked 
|  16|0x000000008bc00000, 0x000000008bc00000, 0x000000008bd00000|  0%| F|  |TAMS 0x000000008bc00000| PB 0x000000008bc00000| Untracked 
|  17|0x000000008bd00000, 0x000000008bd00000, 0x000000008be00000|  0%| F|  |TAMS 0x000000008bd00000| PB 0x000000008bd00000| Untracked 
|  18|0x000000008be00000, 0x000000008be00000, 0x000000008bf00000|  0%| F|  |TAMS 0x000000008be00000| PB 0x000000008be00000| Untracked 
|  19|0x000000008bf00000, 0x000000008bf00000, 0x000000008c000000|  0%| F|  |TAMS 0x000000008bf00000| PB 0x000000008bf00000| Untracked 
|  20|0x000000008c000000, 0x000000008c000000, 0x000000008c100000|  0%| F|  |TAMS 0x000000008c000000| PB 0x000000008c000000| Untracked 
|  21|0x000000008c100000, 0x000000008c100000, 0x000000008c200000|  0%| F|  |TAMS 0x000000008c100000| PB 0x000000008c100000| Untracked 
|  22|0x000000008c200000, 0x000000008c200000, 0x000000008c300000|  0%| F|  |TAMS 0x000000008c200000| PB 0x000000008c200000| Untracked 
|  23|0x000000008c300000, 0x000000008c300000, 0x000000008c400000|  0%| F|  |TAMS 0x000000008c300000| PB 0x000000008c300000| Untracked 
|  24|0x000000008c400000, 0x000000008c400000, 0x000000008c500000|  0%| F|  |TAMS 0x000000008c400000| PB 0x000000008c400000| Untracked 
|  25|0x000000008c500000, 0x000000008c500000, 0x000000008c600000|  0%| F|  |TAMS 0x000000008c500000| PB 0x000000008c500000| Untracked 
|  26|0x000000008c600000, 0x000000008c600000, 0x000000008c700000|  0%| F|  |TAMS 0x000000008c600000| PB 0x000000008c600000| Untracked 
|  27|0x000000008c700000, 0x000000008c700000, 0x000000008c800000|  0%| F|  |TAMS 0x000000008c700000| PB 0x000000008c700000| Untracked 
|  28|0x000000008c800000, 0x000000008c800000, 0x000000008c900000|  0%| F|  |TAMS 0x000000008c800000| PB 0x000000008c800000| Untracked 
|  29|0x000000008c900000, 0x000000008c900000, 0x000000008ca00000|  0%| F|  |TAMS 0x000000008c900000| PB 0x000000008c900000| Untracked 
|  30|0x000000008ca00000, 0x000000008ca00000, 0x000000008cb00000|  0%| F|  |TAMS 0x000000008ca00000| PB 0x000000008ca00000| Untracked 
|  31|0x000000008cb00000, 0x000000008cb00000, 0x000000008cc00000|  0%| F|  |TAMS 0x000000008cb00000| PB 0x000000008cb00000| Untracked 
|  32|0x000000008cc00000, 0x000000008cc00000, 0x000000008cd00000|  0%| F|  |TAMS 0x000000008cc00000| PB 0x000000008cc00000| Untracked 
|  33|0x000000008cd00000, 0x000000008cd00000, 0x000000008ce00000|  0%| F|  |TAMS 0x000000008cd00000| PB 0x000000008cd00000| Untracked 
|  34|0x000000008ce00000, 0x000000008ce00000, 0x000000008cf00000|  0%| F|  |TAMS 0x000000008ce00000| PB 0x000000008ce00000| Untracked 
|  35|0x000000008cf00000, 0x000000008cf00000, 0x000000008d000000|  0%| F|  |TAMS 0x000000008cf00000| PB 0x000000008cf00000| Untracked 
|  36|0x000000008d000000, 0x000000008d000000, 0x000000008d100000|  0%| F|  |TAMS 0x000000008d000000| PB 0x000000008d000000| Untracked 
|  37|0x000000008d100000, 0x000000008d100000, 0x000000008d200000|  0%| F|  |TAMS 0x000000008d100000| PB 0x000000008d100000| Untracked 
|  38|0x000000008d200000, 0x000000008d200000, 0x000000008d300000|  0%| F|  |TAMS 0x000000008d200000| PB 0x000000008d200000| Untracked 
|  39|0x000000008d300000, 0x000000008d300000, 0x000000008d400000|  0%| F|  |TAMS 0x000000008d300000| PB 0x000000008d300000| Untracked 
|  40|0x000000008d400000, 0x000000008d400000, 0x000000008d500000|  0%| F|  |TAMS 0x000000008d400000| PB 0x000000008d400000| Untracked 
|  41|0x000000008d500000, 0x000000008d500000, 0x000000008d600000|  0%| F|  |TAMS 0x000000008d500000| PB 0x000000008d500000| Untracked 
|  42|0x000000008d600000, 0x000000008d600000, 0x000000008d700000|  0%| F|  |TAMS 0x000000008d600000| PB 0x000000008d600000| Untracked 
|  43|0x000000008d700000, 0x000000008d700000, 0x000000008d800000|  0%| F|  |TAMS 0x000000008d700000| PB 0x000000008d700000| Untracked 
|  44|0x000000008d800000, 0x000000008d800000, 0x000000008d900000|  0%| F|  |TAMS 0x000000008d800000| PB 0x000000008d800000| Untracked 
|  45|0x000000008d900000, 0x000000008d900000, 0x000000008da00000|  0%| F|  |TAMS 0x000000008d900000| PB 0x000000008d900000| Untracked 
|  46|0x000000008da00000, 0x000000008da00000, 0x000000008db00000|  0%| F|  |TAMS 0x000000008da00000| PB 0x000000008da00000| Untracked 
|  47|0x000000008db00000, 0x000000008db00000, 0x000000008dc00000|  0%| F|  |TAMS 0x000000008db00000| PB 0x000000008db00000| Untracked 
|  48|0x000000008dc00000, 0x000000008dc00000, 0x000000008dd00000|  0%| F|  |TAMS 0x000000008dc00000| PB 0x000000008dc00000| Untracked 
|  49|0x000000008dd00000, 0x000000008dd00000, 0x000000008de00000|  0%| F|  |TAMS 0x000000008dd00000| PB 0x000000008dd00000| Untracked 
|  50|0x000000008de00000, 0x000000008de00000, 0x000000008df00000|  0%| F|  |TAMS 0x000000008de00000| PB 0x000000008de00000| Untracked 
|  51|0x000000008df00000, 0x000000008df00000, 0x000000008e000000|  0%| F|  |TAMS 0x000000008df00000| PB 0x000000008df00000| Untracked 
|  52|0x000000008e000000, 0x000000008e000000, 0x000000008e100000|  0%| F|  |TAMS 0x000000008e000000| PB 0x000000008e000000| Untracked 
|  53|0x000000008e100000, 0x000000008e100000, 0x000000008e200000|  0%| F|  |TAMS 0x000000008e100000| PB 0x000000008e100000| Untracked 
|  54|0x000000008e200000, 0x000000008e200000, 0x000000008e300000|  0%| F|  |TAMS 0x000000008e200000| PB 0x000000008e200000| Untracked 
|  55|0x000000008e300000, 0x000000008e300000, 0x000000008e400000|  0%| F|  |TAMS 0x000000008e300000| PB 0x000000008e300000| Untracked 
|  56|0x000000008e400000, 0x000000008e400000, 0x000000008e500000|  0%| F|  |TAMS 0x000000008e400000| PB 0x000000008e400000| Untracked 
|  57|0x000000008e500000, 0x000000008e500000, 0x000000008e600000|  0%| F|  |TAMS 0x000000008e500000| PB 0x000000008e500000| Untracked 
|  58|0x000000008e600000, 0x000000008e600000, 0x000000008e700000|  0%| F|  |TAMS 0x000000008e600000| PB 0x000000008e600000| Untracked 
|  59|0x000000008e700000, 0x000000008e700000, 0x000000008e800000|  0%| F|  |TAMS 0x000000008e700000| PB 0x000000008e700000| Untracked 
|  60|0x000000008e800000, 0x000000008e800000, 0x000000008e900000|  0%| F|  |TAMS 0x000000008e800000| PB 0x000000008e800000| Untracked 
|  61|0x000000008e900000, 0x000000008e900000, 0x000000008ea00000|  0%| F|  |TAMS 0x000000008e900000| PB 0x000000008e900000| Untracked 
|  62|0x000000008ea00000, 0x000000008ea00000, 0x000000008eb00000|  0%| F|  |TAMS 0x000000008ea00000| PB 0x000000008ea00000| Untracked 
|  63|0x000000008eb00000, 0x000000008eb00000, 0x000000008ec00000|  0%| F|  |TAMS 0x000000008eb00000| PB 0x000000008eb00000| Untracked 
|  64|0x000000008ec00000, 0x000000008ec00000, 0x000000008ed00000|  0%| F|  |TAMS 0x000000008ec00000| PB 0x000000008ec00000| Untracked 
|  65|0x000000008ed00000, 0x000000008ed00000, 0x000000008ee00000|  0%| F|  |TAMS 0x000000008ed00000| PB 0x000000008ed00000| Untracked 
|  66|0x000000008ee00000, 0x000000008ee00000, 0x000000008ef00000|  0%| F|  |TAMS 0x000000008ee00000| PB 0x000000008ee00000| Untracked 
|  67|0x000000008ef00000, 0x000000008ef00000, 0x000000008f000000|  0%| F|  |TAMS 0x000000008ef00000| PB 0x000000008ef00000| Untracked 
|  68|0x000000008f000000, 0x000000008f000000, 0x000000008f100000|  0%| F|  |TAMS 0x000000008f000000| PB 0x000000008f000000| Untracked 
|  69|0x000000008f100000, 0x000000008f100000, 0x000000008f200000|  0%| F|  |TAMS 0x000000008f100000| PB 0x000000008f100000| Untracked 
|  70|0x000000008f200000, 0x000000008f200000, 0x000000008f300000|  0%| F|  |TAMS 0x000000008f200000| PB 0x000000008f200000| Untracked 
|  71|0x000000008f300000, 0x000000008f300000, 0x000000008f400000|  0%| F|  |TAMS 0x000000008f300000| PB 0x000000008f300000| Untracked 
|  72|0x000000008f400000, 0x000000008f400000, 0x000000008f500000|  0%| F|  |TAMS 0x000000008f400000| PB 0x000000008f400000| Untracked 
|  73|0x000000008f500000, 0x000000008f500000, 0x000000008f600000|  0%| F|  |TAMS 0x000000008f500000| PB 0x000000008f500000| Untracked 
|  74|0x000000008f600000, 0x000000008f600000, 0x000000008f700000|  0%| F|  |TAMS 0x000000008f600000| PB 0x000000008f600000| Untracked 
|  75|0x000000008f700000, 0x000000008f700000, 0x000000008f800000|  0%| F|  |TAMS 0x000000008f700000| PB 0x000000008f700000| Untracked 
|  76|0x000000008f800000, 0x000000008f800000, 0x000000008f900000|  0%| F|  |TAMS 0x000000008f800000| PB 0x000000008f800000| Untracked 
|  77|0x000000008f900000, 0x000000008f900000, 0x000000008fa00000|  0%| F|  |TAMS 0x000000008f900000| PB 0x000000008f900000| Untracked 
|  78|0x000000008fa00000, 0x000000008fa00000, 0x000000008fb00000|  0%| F|  |TAMS 0x000000008fa00000| PB 0x000000008fa00000| Untracked 
|  79|0x000000008fb00000, 0x000000008fb00000, 0x000000008fc00000|  0%| F|  |TAMS 0x000000008fb00000| PB 0x000000008fb00000| Untracked 
|  80|0x000000008fc00000, 0x000000008fc00000, 0x000000008fd00000|  0%| F|  |TAMS 0x000000008fc00000| PB 0x000000008fc00000| Untracked 
|  81|0x000000008fd00000, 0x000000008fd00000, 0x000000008fe00000|  0%| F|  |TAMS 0x000000008fd00000| PB 0x000000008fd00000| Untracked 
|  82|0x000000008fe00000, 0x000000008fe00000, 0x000000008ff00000|  0%| F|  |TAMS 0x000000008fe00000| PB 0x000000008fe00000| Untracked 
|  83|0x000000008ff00000, 0x000000008ff00000, 0x0000000090000000|  0%| F|  |TAMS 0x000000008ff00000| PB 0x000000008ff00000| Untracked 
|  84|0x0000000090000000, 0x0000000090000000, 0x0000000090100000|  0%| F|  |TAMS 0x0000000090000000| PB 0x0000000090000000| Untracked 
|  85|0x0000000090100000, 0x0000000090100000, 0x0000000090200000|  0%| F|  |TAMS 0x0000000090100000| PB 0x0000000090100000| Untracked 
|  86|0x0000000090200000, 0x0000000090200000, 0x0000000090300000|  0%| F|  |TAMS 0x0000000090200000| PB 0x0000000090200000| Untracked 
|  87|0x0000000090300000, 0x0000000090300000, 0x0000000090400000|  0%| F|  |TAMS 0x0000000090300000| PB 0x0000000090300000| Untracked 
|  88|0x0000000090400000, 0x0000000090400000, 0x0000000090500000|  0%| F|  |TAMS 0x0000000090400000| PB 0x0000000090400000| Untracked 
|  89|0x0000000090500000, 0x0000000090500000, 0x0000000090600000|  0%| F|  |TAMS 0x0000000090500000| PB 0x0000000090500000| Untracked 
|  90|0x0000000090600000, 0x0000000090600000, 0x0000000090700000|  0%| F|  |TAMS 0x0000000090600000| PB 0x0000000090600000| Untracked 
|  91|0x0000000090700000, 0x0000000090700000, 0x0000000090800000|  0%| F|  |TAMS 0x0000000090700000| PB 0x0000000090700000| Untracked 
|  92|0x0000000090800000, 0x0000000090800000, 0x0000000090900000|  0%| F|  |TAMS 0x0000000090800000| PB 0x0000000090800000| Untracked 
|  93|0x0000000090900000, 0x0000000090900000, 0x0000000090a00000|  0%| F|  |TAMS 0x0000000090900000| PB 0x0000000090900000| Untracked 
|  94|0x0000000090a00000, 0x0000000090a00000, 0x0000000090b00000|  0%| F|  |TAMS 0x0000000090a00000| PB 0x0000000090a00000| Untracked 
|  95|0x0000000090b00000, 0x0000000090b00000, 0x0000000090c00000|  0%| F|  |TAMS 0x0000000090b00000| PB 0x0000000090b00000| Untracked 
|  96|0x0000000090c00000, 0x0000000090c00000, 0x0000000090d00000|  0%| F|  |TAMS 0x0000000090c00000| PB 0x0000000090c00000| Untracked 
|  97|0x0000000090d00000, 0x0000000090d00000, 0x0000000090e00000|  0%| F|  |TAMS 0x0000000090d00000| PB 0x0000000090d00000| Untracked 
|  98|0x0000000090e00000, 0x0000000090e00000, 0x0000000090f00000|  0%| F|  |TAMS 0x0000000090e00000| PB 0x0000000090e00000| Untracked 
|  99|0x0000000090f00000, 0x0000000090f76440, 0x0000000091000000| 46%| E|  |TAMS 0x0000000090f00000| PB 0x0000000090f00000| Complete 
| 100|0x0000000091000000, 0x0000000091100000, 0x0000000091100000|100%| E|CS|TAMS 0x0000000091000000| PB 0x0000000091000000| Complete 
| 101|0x0000000091100000, 0x0000000091200000, 0x0000000091200000|100%| E|CS|TAMS 0x0000000091100000| PB 0x0000000091100000| Complete 
| 102|0x0000000091200000, 0x0000000091300000, 0x0000000091300000|100%| E|CS|TAMS 0x0000000091200000| PB 0x0000000091200000| Complete 
| 103|0x0000000091300000, 0x0000000091400000, 0x0000000091400000|100%| E|CS|TAMS 0x0000000091300000| PB 0x0000000091300000| Complete 
| 104|0x0000000091400000, 0x0000000091500000, 0x0000000091500000|100%| E|CS|TAMS 0x0000000091400000| PB 0x0000000091400000| Complete 
| 105|0x0000000091500000, 0x0000000091600000, 0x0000000091600000|100%| E|CS|TAMS 0x0000000091500000| PB 0x0000000091500000| Complete 
| 106|0x0000000091600000, 0x0000000091700000, 0x0000000091700000|100%| E|CS|TAMS 0x0000000091600000| PB 0x0000000091600000| Complete 
| 107|0x0000000091700000, 0x0000000091800000, 0x0000000091800000|100%| E|CS|TAMS 0x0000000091700000| PB 0x0000000091700000| Complete 
| 108|0x0000000091800000, 0x0000000091900000, 0x0000000091900000|100%| E|CS|TAMS 0x0000000091800000| PB 0x0000000091800000| Complete 
| 109|0x0000000091900000, 0x0000000091a00000, 0x0000000091a00000|100%| E|CS|TAMS 0x0000000091900000| PB 0x0000000091900000| Complete 
| 110|0x0000000091a00000, 0x0000000091b00000, 0x0000000091b00000|100%| E|  |TAMS 0x0000000091a00000| PB 0x0000000091a00000| Complete 
| 111|0x0000000091b00000, 0x0000000091c00000, 0x0000000091c00000|100%| E|CS|TAMS 0x0000000091b00000| PB 0x0000000091b00000| Complete 
| 112|0x0000000091c00000, 0x0000000091d00000, 0x0000000091d00000|100%| E|CS|TAMS 0x0000000091c00000| PB 0x0000000091c00000| Complete 
| 113|0x0000000091d00000, 0x0000000091e00000, 0x0000000091e00000|100%| E|CS|TAMS 0x0000000091d00000| PB 0x0000000091d00000| Complete 
| 114|0x0000000091e00000, 0x0000000091f00000, 0x0000000091f00000|100%| E|CS|TAMS 0x0000000091e00000| PB 0x0000000091e00000| Complete 
| 115|0x0000000091f00000, 0x0000000092000000, 0x0000000092000000|100%| E|CS|TAMS 0x0000000091f00000| PB 0x0000000091f00000| Complete 
| 116|0x0000000092000000, 0x0000000092100000, 0x0000000092100000|100%| E|CS|TAMS 0x0000000092000000| PB 0x0000000092000000| Complete 
| 117|0x0000000092100000, 0x0000000092200000, 0x0000000092200000|100%| E|CS|TAMS 0x0000000092100000| PB 0x0000000092100000| Complete 

Card table byte_map: [0x0000023db4a90000,0x0000023db4e40000] _byte_map_base: 0x0000023db463a000

Marking Bits: (CMBitMap*) 0x0000023d9d133f90
 Bits: [0x0000023db51f0000, 0x0000023db6f40000)

Polling page: 0x0000023d9b020000

Metaspace:

Usage:
  Non-class:     12.74 MB used.
      Class:      1.59 MB used.
       Both:     14.33 MB used.

Virtual space:
  Non-class space:       64.00 MB reserved,      12.88 MB ( 20%) committed,  1 nodes.
      Class space:        1.00 GB reserved,       1.69 MB ( <1%) committed,  1 nodes.
             Both:        1.06 GB reserved,      14.56 MB (  1%) committed. 

Chunk freelists:
   Non-Class:  2.61 MB
       Class:  2.19 MB
        Both:  4.80 MB

MaxMetaspaceSize: unlimited
CompressedClassSpaceSize: 1.00 GB
Initial GC threshold: 21.00 MB
Current GC threshold: 21.00 MB
CDS: on
MetaspaceReclaimPolicy: balanced
 - commit_granule_bytes: 65536.
 - commit_granule_words: 8192.
 - virtual_space_node_default_size: 8388608.
 - enlarge_chunks_in_place: 1.
 - new_chunks_are_fully_committed: 0.
 - uncommit_free_chunks: 1.
 - use_allocation_guard: 0.


Internal statistics:

num_allocs_failed_limit: 0.
num_arena_births: 158.
num_arena_deaths: 0.
num_vsnodes_births: 2.
num_vsnodes_deaths: 0.
num_space_committed: 233.
num_space_uncommitted: 0.
num_chunks_returned_to_freelist: 0.
num_chunks_taken_from_freelist: 348.
num_chunk_merges: 0.
num_chunk_splits: 217.
num_chunks_enlarged: 135.
num_inconsistent_stats: 0.

CodeHeap 'non-profiled nmethods': size=120000Kb used=501Kb max_used=501Kb free=119498Kb
 bounds [0x0000023dacc50000, 0x0000023dacec0000, 0x0000023db4180000]
CodeHeap 'profiled nmethods': size=120000Kb used=2480Kb max_used=2480Kb free=117519Kb
 bounds [0x0000023da5180000, 0x0000023da53f0000, 0x0000023dac6b0000]
CodeHeap 'non-nmethods': size=5760Kb used=1626Kb max_used=1645Kb free=4133Kb
 bounds [0x0000023dac6b0000, 0x0000023dac920000, 0x0000023dacc50000]
 total_blobs=2102 nmethods=1475 adapters=538
 compilation: enabled
              stopped_count=0, restarted_count=0
 full_count=0

Compilation events (20 events):
Event: 1.469 Thread 0x0000023db9bccb30 1420       3       jdk.internal.loader.URLClassPath$JarLoader$2::getCodeSigners (8 bytes)
Event: 1.470 Thread 0x0000023db9bccb30 nmethod 1420 0x0000023da53c8f10 code [0x0000023da53c90a0, 0x0000023da53c9270]
Event: 1.473 Thread 0x0000023db9bccb30 1421       3       sun.net.util.URLUtil::urlNoFragString (137 bytes)
Event: 1.474 Thread 0x0000023db9bccb30 nmethod 1421 0x0000023da53c9310 code [0x0000023da53c9620, 0x0000023da53ca730]
Event: 1.474 Thread 0x0000023db9bccb30 1422       3       java.net.URL::getDefaultPort (8 bytes)
Event: 1.475 Thread 0x0000023db9bccb30 nmethod 1422 0x0000023da53cad10 code [0x0000023da53caea0, 0x0000023da53cb070]
Event: 1.476 Thread 0x0000023db9bccb30 1423       3       java.net.URLStreamHandler::toExternalForm (156 bytes)
Event: 1.478 Thread 0x0000023db9bccb30 nmethod 1423 0x0000023da53cb110 code [0x0000023da53cb4c0, 0x0000023da53cc9c8]
Event: 1.478 Thread 0x0000023db9bccb30 1424       3       java.security.SecureClassLoader$CodeSourceKey::hashCode (21 bytes)
Event: 1.478 Thread 0x0000023db9bccb30 nmethod 1424 0x0000023da53cd190 code [0x0000023da53cd340, 0x0000023da53cd528]
Event: 1.478 Thread 0x0000023db9bccb30 1425       3       java.lang.ClassLoader::preDefineClass (118 bytes)
Event: 1.479 Thread 0x0000023db9bc8cb0 1429       4       jdk.internal.util.Preconditions::checkFromIndexSize (25 bytes)
Event: 1.480 Thread 0x0000023db9bccb30 nmethod 1425 0x0000023da53cd610 code [0x0000023da53cd940, 0x0000023da53ceac8]
Event: 1.480 Thread 0x0000023db9bccb30 1426       3       java.lang.ClassLoader::checkCerts (121 bytes)
Event: 1.480 Thread 0x0000023db9bc8cb0 nmethod 1429 0x0000023daccc9690 code [0x0000023daccc9800, 0x0000023daccc98c0]
Event: 1.481 Thread 0x0000023db9bccb30 nmethod 1426 0x0000023da53cf210 code [0x0000023da53cf4e0, 0x0000023da53d0290]
Event: 1.481 Thread 0x0000023db9bccb30 1427       3       java.lang.ClassLoader::defineClassSourceLocation (28 bytes)
Event: 1.482 Thread 0x0000023db9bccb30 nmethod 1427 0x0000023da53d0810 code [0x0000023da53d09c0, 0x0000023da53d0d48]
Event: 1.482 Thread 0x0000023db9bccb30 1428       3       java.lang.ClassLoader::postDefineClass (39 bytes)
Event: 1.482 Thread 0x0000023db9bccb30 nmethod 1428 0x0000023da53d0f10 code [0x0000023da53d10e0, 0x0000023da53d1400]

GC Heap History (0 events):
No events

Dll operation events (9 events):
Event: 0.020 Loaded shared library C:\Program Files\Java\jdk-20\bin\java.dll
Event: 0.037 Loaded shared library C:\Program Files\Java\jdk-20\bin\jsvml.dll
Event: 0.123 Loaded shared library C:\Program Files\Java\jdk-20\bin\net.dll
Event: 0.127 Loaded shared library C:\Program Files\Java\jdk-20\bin\nio.dll
Event: 0.161 Loaded shared library C:\Program Files\Java\jdk-20\bin\zip.dll
Event: 0.179 Loaded shared library C:\Program Files\Java\jdk-20\bin\jimage.dll
Event: 0.204 Loaded shared library C:\Program Files\Java\jdk-20\bin\awt.dll
Event: 0.764 Loaded shared library C:\Program Files\Java\jdk-20\bin\extnet.dll
Event: 1.189 Loaded shared library C:\Program Files\Java\jdk-20\bin\sunmscapi.dll

Deoptimization events (20 events):
Event: 1.350 Thread 0x0000023d9d0d9070 Uncommon trap: trap_request=0xffffffde fr.pc=0x0000023daccb8e6c relative=0x000000000000024c
Event: 1.350 Thread 0x0000023d9d0d9070 Uncommon trap: reason=class_check action=maybe_recompile pc=0x0000023daccb8e6c method=sun.security.util.math.intpoly.IntegerPolynomial.multByInt([JJ)V @ 26 c2
Event: 1.350 Thread 0x0000023d9d0d9070 DEOPT PACKING pc=0x0000023daccb8e6c sp=0x00000080f1bfe460
Event: 1.350 Thread 0x0000023d9d0d9070 DEOPT UNPACKING pc=0x0000023dac719d22 sp=0x00000080f1bfe430 mode 2
Event: 1.350 Thread 0x0000023d9d0d9070 Uncommon trap: trap_request=0xffffffde fr.pc=0x0000023daccb8e6c relative=0x000000000000024c
Event: 1.350 Thread 0x0000023d9d0d9070 Uncommon trap: reason=class_check action=maybe_recompile pc=0x0000023daccb8e6c method=sun.security.util.math.intpoly.IntegerPolynomial.multByInt([JJ)V @ 26 c2
Event: 1.351 Thread 0x0000023d9d0d9070 DEOPT PACKING pc=0x0000023daccb8e6c sp=0x00000080f1bfe460
Event: 1.351 Thread 0x0000023d9d0d9070 DEOPT UNPACKING pc=0x0000023dac719d22 sp=0x00000080f1bfe430 mode 2
Event: 1.364 Thread 0x0000023d9d0d9070 Uncommon trap: trap_request=0xffffff45 fr.pc=0x0000023dacc973c4 relative=0x0000000000000144
Event: 1.364 Thread 0x0000023d9d0d9070 Uncommon trap: reason=unstable_if action=reinterpret pc=0x0000023dacc973c4 method=java.util.concurrent.locks.ReentrantLock$NonfairSync.initialTryLock()Z @ 10 c2
Event: 1.364 Thread 0x0000023d9d0d9070 DEOPT PACKING pc=0x0000023dacc973c4 sp=0x00000080f1bfe780
Event: 1.364 Thread 0x0000023d9d0d9070 DEOPT UNPACKING pc=0x0000023dac719d22 sp=0x00000080f1bfe728 mode 2
Event: 1.419 Thread 0x0000023d9d0d9070 Uncommon trap: trap_request=0xffffffde fr.pc=0x0000023dacca9f80 relative=0x0000000000000a00
Event: 1.419 Thread 0x0000023d9d0d9070 Uncommon trap: reason=class_check action=maybe_recompile pc=0x0000023dacca9f80 method=java.util.HashMap.putVal(ILjava/lang/Object;Ljava/lang/Object;ZZ)Ljava/lang/Object; @ 253 c2
Event: 1.419 Thread 0x0000023d9d0d9070 DEOPT PACKING pc=0x0000023dacca9f80 sp=0x00000080f1bfe5a0
Event: 1.419 Thread 0x0000023d9d0d9070 DEOPT UNPACKING pc=0x0000023dac719d22 sp=0x00000080f1bfe540 mode 2
Event: 1.420 Thread 0x0000023d9d0d9070 Uncommon trap: trap_request=0xffffffde fr.pc=0x0000023dacca9f80 relative=0x0000000000000a00
Event: 1.420 Thread 0x0000023d9d0d9070 Uncommon trap: reason=class_check action=maybe_recompile pc=0x0000023dacca9f80 method=java.util.HashMap.putVal(ILjava/lang/Object;Ljava/lang/Object;ZZ)Ljava/lang/Object; @ 253 c2
Event: 1.420 Thread 0x0000023d9d0d9070 DEOPT PACKING pc=0x0000023dacca9f80 sp=0x00000080f1bfe5a0
Event: 1.420 Thread 0x0000023d9d0d9070 DEOPT UNPACKING pc=0x0000023dac719d22 sp=0x00000080f1bfe540 mode 2

Classes loaded (20 events):
Event: 1.411 Loading class javax/security/auth/callback/UnsupportedCallbackException
Event: 1.411 Loading class javax/security/auth/callback/UnsupportedCallbackException done
Event: 1.411 Loading class javax/security/auth/login/Configuration
Event: 1.411 Loading class javax/security/auth/login/Configuration done
Event: 1.411 Loading class javax/security/auth/callback/Callback
Event: 1.411 Loading class javax/security/auth/callback/Callback done
Event: 1.411 Loading class sun/invoke/util/VerifyAccess$1
Event: 1.411 Loading class sun/invoke/util/VerifyAccess$1 done
Event: 1.417 Loading class sun/security/ssl/PostHandshakeContext
Event: 1.418 Loading class sun/security/ssl/PostHandshakeContext done
Event: 1.418 Loading class sun/security/ssl/NewSessionTicket$T13NewSessionTicketMessage
Event: 1.418 Loading class sun/security/ssl/NewSessionTicket$NewSessionTicketMessage
Event: 1.418 Loading class sun/security/ssl/NewSessionTicket$NewSessionTicketMessage done
Event: 1.418 Loading class sun/security/ssl/NewSessionTicket$T13NewSessionTicketMessage done
Event: 1.457 Loading class sun/nio/cs/UTF_8$Encoder
Event: 1.457 Loading class sun/nio/cs/UTF_8$Encoder done
Event: 1.474 Loading class java/util/TimerTask
Event: 1.475 Loading class java/util/TimerTask done
Event: 1.478 Loading class java/util/NoSuchElementException
Event: 1.478 Loading class java/util/NoSuchElementException done

Classes unloaded (0 events):
No events

Classes redefined (0 events):
No events

Internal exceptions (20 events):
Event: 0.129 Thread 0x0000023d9d0d9070 Exception <a 'sun/nio/fs/WindowsException'{0x0000000092043a00}> (0x0000000092043a00) 
thrown [s\open\src\hotspot\share\prims\jni.cpp, line 519]
Event: 0.132 Thread 0x0000023d9d0d9070 Exception <a 'sun/nio/fs/WindowsException'{0x0000000092045fe8}> (0x0000000092045fe8) 
thrown [s\open\src\hotspot\share\prims\jni.cpp, line 519]
Event: 0.187 Thread 0x0000023d9d0d9070 Exception <a 'java/lang/ClassNotFoundException'{0x0000000091f924f8}: sun/awt/resources/spi/awtProvider> (0x0000000091f924f8) 
thrown [s\open\src\hotspot\share\classfile\systemDictionary.cpp, line 305]
Event: 0.223 Thread 0x0000023d9d0d9070 Exception <a 'java/io/FileNotFoundException'{0x0000000091fe8c08}> (0x0000000091fe8c08) 
thrown [s\open\src\hotspot\share\prims\jni.cpp, line 519]
Event: 0.233 Thread 0x0000023d9d0d9070 Exception <a 'java/io/FileNotFoundException'{0x0000000091e13550}> (0x0000000091e13550) 
thrown [s\open\src\hotspot\share\prims\jni.cpp, line 519]
Event: 0.430 Thread 0x0000023d9d0d9070 Exception <a 'java/lang/NoSuchMethodError'{0x0000000091d32528}: 'void java.lang.invoke.DirectMethodHandle$Holder.invokeSpecial(java.lang.Object, java.lang.Object, java.lang.Object)'> (0x0000000091d32528) 
thrown [s\open\src\hotspot\share\interpreter\linkResolver.cpp, line 773]
Event: 0.442 Thread 0x0000023d9d0d9070 Exception <a 'java/lang/NoSuchMethodError'{0x0000000091d5cc70}: 'java.lang.Object java.lang.invoke.DirectMethodHandle$Holder.newInvokeSpecial(java.lang.Object, java.lang.Object, java.lang.Object, java.lang.Object, java.lang.Object)'> (0x0000000091d5cc70) 
thrown [s\open\src\hotspot\share\interpreter\linkResolver.cpp, line 773]
Event: 0.452 Thread 0x0000023d9d0d9070 Exception <a 'java/lang/NoSuchMethodError'{0x0000000091d8d8d0}: 'java.lang.Object java.lang.invoke.DirectMethodHandle$Holder.invokeStatic(java.lang.Object, int, java.lang.Object)'> (0x0000000091d8d8d0) 
thrown [s\open\src\hotspot\share\interpreter\linkResolver.cpp, line 773]
Event: 0.486 Thread 0x0000023d9d0d9070 Exception <a 'java/lang/ClassNotFoundException'{0x0000000091c48e58}: com/sun/swing/internal/plaf/metal/resources/spi/metalProvider> (0x0000000091c48e58) 
thrown [s\open\src\hotspot\share\classfile\systemDictionary.cpp, line 305]
Event: 0.487 Thread 0x0000023d9d0d9070 Exception <a 'java/lang/ClassNotFoundException'{0x0000000091c4cdb8}: com/sun/swing/internal/plaf/basic/resources/spi/basicProvider> (0x0000000091c4cdb8) 
thrown [s\open\src\hotspot\share\classfile\systemDictionary.cpp, line 305]
Event: 0.498 Thread 0x0000023d9d0d9070 Exception <a 'java/lang/NoSuchMethodError'{0x0000000091c6bf38}: 'int java.lang.invoke.Invokers$Holder.invokeExact_MT(java.lang.Object, java.lang.Object)'> (0x0000000091c6bf38) 
thrown [s\open\src\hotspot\share\interpreter\linkResolver.cpp, line 773]
Event: 0.593 Thread 0x0000023d9d0d9070 Exception <a 'java/lang/NoSuchMethodError'{0x0000000091b92f18}: 'java.lang.Object java.lang.invoke.DirectMethodHandle$Holder.invokeInterface(java.lang.Object, java.lang.Object)'> (0x0000000091b92f18) 
thrown [s\open\src\hotspot\share\interpreter\linkResolver.cpp, line 773]
Event: 0.631 Thread 0x0000023d9d0d9070 Exception <a 'java/lang/NoSuchMethodError'{0x0000000091a11078}: 'void java.lang.invoke.DirectMethodHandle$Holder.invokeStatic(java.lang.Object, java.lang.Object, java.lang.Object)'> (0x0000000091a11078) 
thrown [s\open\src\hotspot\share\interpreter\linkResolver.cpp, line 773]
Event: 0.633 Thread 0x0000023d9d0d9070 Exception <a 'java/lang/NoSuchMethodError'{0x0000000091a1ab88}: 'java.lang.Object java.lang.invoke.DirectMethodHandle$Holder.invokeVirtual(java.lang.Object, java.lang.Object, java.lang.Object)'> (0x0000000091a1ab88) 
thrown [s\open\src\hotspot\share\interpreter\linkResolver.cpp, line 773]
Event: 0.766 Thread 0x0000023d9d0d9070 Exception <a 'java/lang/NoSuchMethodError'{0x000000009171f1c0}: 'void java.lang.invoke.DirectMethodHandle$Holder.invokeStatic(java.lang.Object, java.lang.Object)'> (0x000000009171f1c0) 
thrown [s\open\src\hotspot\share\interpreter\linkResolver.cpp, line 773]
Event: 0.891 Thread 0x0000023d9d0d9070 Exception <a 'java/lang/NoSuchMethodError'{0x000000009159ae38}: 'void java.lang.invoke.DirectMethodHandle$Holder.invokeStaticInit(java.lang.Object, java.lang.Object)'> (0x000000009159ae38) 
thrown [s\open\src\hotspot\share\interpreter\linkResolver.cpp, line 773]
Event: 0.956 Thread 0x0000023d9d0d9070 Exception <a 'sun/nio/fs/WindowsException'{0x00000000914cc938}> (0x00000000914cc938) 
thrown [s\open\src\hotspot\share\prims\jni.cpp, line 519]
Event: 1.010 Thread 0x0000023d9d0d9070 Exception <a 'java/lang/NoSuchMethodError'{0x000000009137fe40}: 'java.lang.Object java.lang.invoke.DirectMethodHandle$Holder.invokeStaticInit(java.lang.Object, int, int, int, int)'> (0x000000009137fe40) 
thrown [s\open\src\hotspot\share\interpreter\linkResolver.cpp, line 773]
Event: 1.154 Thread 0x0000023d9d0d9070 Exception <a 'java/lang/NoSuchMethodError'{0x00000000913c42d0}: 'java.lang.Object java.lang.invoke.DirectMethodHandle$Holder.invokeStaticInit(java.lang.Object, java.lang.Object, int, int, int, int)'> (0x00000000913c42d0) 
thrown [s\open\src\hotspot\share\interpreter\linkResolver.cpp, line 773]
Event: 1.352 Thread 0x0000023d9d0d9070 Exception <a 'java/lang/NoSuchMethodError'{0x0000000091154628}: 'void java.lang.invoke.DirectMethodHandle$Holder.invokeVirtual(java.lang.Object, java.lang.Object)'> (0x0000000091154628) 
thrown [s\open\src\hotspot\share\interpreter\linkResolver.cpp, line 773]

VM Operations (16 events):
Event: 0.133 Executing VM operation: HandshakeAllThreads
Event: 0.133 Executing VM operation: HandshakeAllThreads done
Event: 0.246 Executing VM operation: HandshakeAllThreads
Event: 0.246 Executing VM operation: HandshakeAllThreads done
Event: 0.523 Executing VM operation: HandshakeAllThreads
Event: 0.523 Executing VM operation: HandshakeAllThreads done
Event: 0.569 Executing VM operation: HandshakeAllThreads
Event: 0.569 Executing VM operation: HandshakeAllThreads done
Event: 0.742 Executing VM operation: HandshakeAllThreads
Event: 0.742 Executing VM operation: HandshakeAllThreads done
Event: 0.968 Executing VM operation: ICBufferFull
Event: 0.969 Executing VM operation: ICBufferFull done
Event: 0.969 Executing VM operation: HandshakeAllThreads
Event: 0.970 Executing VM operation: HandshakeAllThreads done
Event: 1.370 Executing VM operation: HandshakeAllThreads
Event: 1.371 Executing VM operation: HandshakeAllThreads done

Events (20 events):
Event: 0.038 Thread 0x0000023d9d0d9070 Thread added: 0x0000023d9d0d9070
Event: 0.062 Thread 0x0000023db9b91d10 Thread added: 0x0000023db9b91d10
Event: 0.062 Thread 0x0000023db9b92650 Thread added: 0x0000023db9b92650
Event: 0.063 Thread 0x0000023db9b98050 Thread added: 0x0000023db9b98050
Event: 0.063 Thread 0x0000023db9b9d650 Thread added: 0x0000023db9b9d650
Event: 0.063 Thread 0x0000023db9b9cbb0 Thread added: 0x0000023db9b9cbb0
Event: 0.063 Thread 0x0000023db9b9b120 Thread added: 0x0000023db9b9b120
Event: 0.063 Thread 0x0000023db9bc8cb0 Thread added: 0x0000023db9bc8cb0
Event: 0.063 Thread 0x0000023db9bccb30 Thread added: 0x0000023db9bccb30
Event: 0.100 Thread 0x0000023db9b9a130 Thread added: 0x0000023db9b9a130
Event: 0.150 Thread 0x0000023db9b9a680 Thread added: 0x0000023db9b9a680
Event: 0.299 Thread 0x0000023db9b9abd0 Thread added: 0x0000023db9b9abd0
Event: 0.301 Thread 0x0000023db9b9b670 Thread added: 0x0000023db9b9b670
Event: 0.304 Thread 0x0000023db9b9bbc0 Thread added: 0x0000023db9b9bbc0
Event: 0.550 Thread 0x0000023db9b9d100 Thread added: 0x0000023db9b9d100
Event: 0.653 Thread 0x0000023dbf1890c0 Thread added: 0x0000023dbf1890c0
Event: 1.149 Thread 0x0000023dbf1890c0 Thread exited: 0x0000023dbf1890c0
Event: 1.274 Thread 0x0000023dbf111b40 Thread added: 0x0000023dbf111b40
Event: 1.274 Thread 0x0000023dbf668010 Thread added: 0x0000023dbf668010
Event: 1.405 Thread 0x0000023db9b9b670 Thread exited: 0x0000023db9b9b670


Dynamic libraries:
0x00007ff749f40000 - 0x00007ff749f50000 	C:\Program Files\Java\jdk-20\bin\java.exe
0x00007ffd9ac30000 - 0x00007ffd9ae44000 	C:\windows\SYSTEM32\ntdll.dll
0x00007ffd99680000 - 0x00007ffd99742000 	C:\windows\System32\KERNEL32.DLL
0x00007ffd98350000 - 0x00007ffd986f3000 	C:\windows\System32\KERNELBASE.dll
0x00007ffd92350000 - 0x00007ffd923e7000 	C:\windows\SYSTEM32\apphelp.dll
0x00007ffd98190000 - 0x00007ffd982a1000 	C:\windows\System32\ucrtbase.dll
0x00007ffd750d0000 - 0x00007ffd750eb000 	C:\Program Files\Java\jdk-20\bin\VCRUNTIME140.dll
0x00007ffd5b910000 - 0x00007ffd5b929000 	C:\Program Files\Java\jdk-20\bin\jli.dll
0x00007ffd98a30000 - 0x00007ffd98ade000 	C:\windows\System32\ADVAPI32.dll
0x00007ffd9a740000 - 0x00007ffd9a7e7000 	C:\windows\System32\msvcrt.dll
0x00007ffd99510000 - 0x00007ffd995b4000 	C:\windows\System32\sechost.dll
0x00007ffd9a590000 - 0x00007ffd9a6a7000 	C:\windows\System32\RPCRT4.dll
0x00007ffd9a3e0000 - 0x00007ffd9a58b000 	C:\windows\System32\USER32.dll
0x00007ffd98700000 - 0x00007ffd98726000 	C:\windows\System32\win32u.dll
0x00007ffd7a090000 - 0x00007ffd7a31e000 	C:\windows\WinSxS\amd64_microsoft.windows.common-controls_6595b64144ccf1df_6.0.22621.1635_none_270f70857386168e\COMCTL32.dll
0x00007ffd9a710000 - 0x00007ffd9a739000 	C:\windows\System32\GDI32.dll
0x00007ffd988a0000 - 0x00007ffd989b8000 	C:\windows\System32\gdi32full.dll
0x00007ffd982b0000 - 0x00007ffd9834a000 	C:\windows\System32\msvcp_win.dll
0x00007ffd8f730000 - 0x00007ffd8f73a000 	C:\windows\SYSTEM32\VERSION.dll
0x00007ffd9a9a0000 - 0x00007ffd9a9d1000 	C:\windows\System32\IMM32.DLL
0x00007ffd7c4c0000 - 0x00007ffd7c4cc000 	C:\Program Files\Java\jdk-20\bin\vcruntime140_1.dll
0x00007ffd5b430000 - 0x00007ffd5b4be000 	C:\Program Files\Java\jdk-20\bin\msvcp140.dll
0x00007ffd43480000 - 0x00007ffd44117000 	C:\Program Files\Java\jdk-20\bin\server\jvm.dll
0x00007ffd86bc0000 - 0x00007ffd86bc9000 	C:\windows\SYSTEM32\WSOCK32.dll
0x00007ffd90970000 - 0x00007ffd909a4000 	C:\windows\SYSTEM32\WINMM.dll
0x00007ffd98be0000 - 0x00007ffd98c51000 	C:\windows\System32\WS2_32.dll
0x00007ffd970a0000 - 0x00007ffd970b8000 	C:\windows\SYSTEM32\kernel.appcore.dll
0x00007ffd75420000 - 0x00007ffd7542a000 	C:\Program Files\Java\jdk-20\bin\jimage.dll
0x00007ffd87f20000 - 0x00007ffd8814e000 	C:\windows\SYSTEM32\DBGHELP.DLL
0x00007ffd99750000 - 0x00007ffd99ad9000 	C:\windows\System32\combase.dll
0x00007ffd9a9e0000 - 0x00007ffd9aab7000 	C:\windows\System32\OLEAUT32.dll
0x00007ffd87720000 - 0x00007ffd87752000 	C:\windows\SYSTEM32\dbgcore.DLL
0x00007ffd98050000 - 0x00007ffd980cb000 	C:\windows\System32\bcryptPrimitives.dll
0x00007ffd73fd0000 - 0x00007ffd73ff6000 	C:\Program Files\Java\jdk-20\bin\java.dll
0x00007ffd56c40000 - 0x00007ffd56d17000 	C:\Program Files\Java\jdk-20\bin\jsvml.dll
0x00007ffd98c60000 - 0x00007ffd9945a000 	C:\windows\System32\SHELL32.dll
0x00007ffd96020000 - 0x00007ffd968ee000 	C:\windows\SYSTEM32\windows.storage.dll
0x00007ffd95ee0000 - 0x00007ffd9601e000 	C:\windows\SYSTEM32\wintypes.dll
0x00007ffd98ae0000 - 0x00007ffd98bd1000 	C:\windows\System32\SHCORE.dll
0x00007ffd99cb0000 - 0x00007ffd99d0e000 	C:\windows\System32\shlwapi.dll
0x00007ffd97f80000 - 0x00007ffd97fa1000 	C:\windows\SYSTEM32\profapi.dll
0x00007ffd743b0000 - 0x00007ffd743c3000 	C:\Program Files\Java\jdk-20\bin\net.dll
0x00007ffd93f80000 - 0x00007ffd940b7000 	C:\windows\SYSTEM32\WINHTTP.dll
0x00007ffd97580000 - 0x00007ffd975e9000 	C:\windows\system32\mswsock.dll
0x00007ffd73b50000 - 0x00007ffd73b66000 	C:\Program Files\Java\jdk-20\bin\nio.dll
0x00007ffd737d0000 - 0x00007ffd737e8000 	C:\Program Files\Java\jdk-20\bin\zip.dll
0x00007ffd4aa40000 - 0x00007ffd4abd1000 	C:\Program Files\Java\jdk-20\bin\awt.dll
0x00007ffd95850000 - 0x00007ffd9587b000 	C:\windows\system32\DWMAPI.DLL
0x00007ffd955a0000 - 0x00007ffd9564b000 	C:\windows\system32\uxtheme.dll
0x00007ffd47e50000 - 0x00007ffd47f50000 	C:\windows\system32\opengl32.dll
0x00007ffd5d8b0000 - 0x00007ffd5d8dd000 	C:\windows\SYSTEM32\GLU32.dll
0x00007ffd956e0000 - 0x00007ffd95716000 	C:\windows\SYSTEM32\dxcore.dll
0x00007ffd99ae0000 - 0x00007ffd99bfe000 	C:\windows\System32\MSCTF.dll
0x00007ffd9a7f0000 - 0x00007ffd9a98c000 	C:\windows\System32\ole32.dll
0x00007ffd1fb90000 - 0x00007ffd1fd39000 	C:\windows\system32\d3d9.dll
0x00007ffd83570000 - 0x00007ffd8372a000 	C:\windows\System32\DriverStore\FileRepository\u0380908.inf_amd64_3105c1702c47b731\B380794\aticfx64.dll
0x00007ffcdde60000 - 0x00007ffcdde94000 	C:\windows\System32\DriverStore\FileRepository\u0380908.inf_amd64_3105c1702c47b731\B380794\atiu9p64.dll
0x00007ffcdd100000 - 0x00007ffcdde56000 	C:\windows\System32\DriverStore\FileRepository\u0380908.inf_amd64_3105c1702c47b731\B380794\atiumd64.dll
0x000000005cb60000 - 0x000000005da1f000 	C:\windows\System32\DriverStore\FileRepository\u0380908.inf_amd64_3105c1702c47b731\B380794\atiumd6a.dll
0x00007ffd99f60000 - 0x00007ffd9a3d4000 	C:\windows\System32\SETUPAPI.dll
0x00007ffd978e0000 - 0x00007ffd9792d000 	C:\windows\SYSTEM32\POWRPROF.dll
0x00007ffd978c0000 - 0x00007ffd978d3000 	C:\windows\SYSTEM32\UMPDC.dll
0x00007ffd83510000 - 0x00007ffd83540000 	C:\windows\SYSTEM32\amdihk64.dll
0x00007ffd89330000 - 0x00007ffd89378000 	C:\windows\SYSTEM32\directxdatabasehelper.dll
0x00007ffd96be0000 - 0x00007ffd96cd3000 	C:\windows\SYSTEM32\DNSAPI.dll
0x00007ffd96bb0000 - 0x00007ffd96bdd000 	C:\windows\SYSTEM32\IPHLPAPI.DLL
0x00007ffd99c20000 - 0x00007ffd99c29000 	C:\windows\System32\NSI.dll
0x00007ffd929c0000 - 0x00007ffd929ca000 	C:\Windows\System32\rasadhlp.dll
0x00007ffd92a90000 - 0x00007ffd92b14000 	C:\windows\System32\fwpuclnt.dll
0x00007ffd74d10000 - 0x00007ffd74d17000 	C:\Program Files\Java\jdk-20\bin\extnet.dll
0x00007ffd977f0000 - 0x00007ffd9780b000 	C:\windows\SYSTEM32\CRYPTSP.dll
0x00007ffd97010000 - 0x00007ffd97045000 	C:\windows\system32\rsaenh.dll
0x00007ffd97680000 - 0x00007ffd976a8000 	C:\windows\SYSTEM32\USERENV.dll
0x00007ffd97a20000 - 0x00007ffd97a48000 	C:\windows\SYSTEM32\bcrypt.dll
0x00007ffd977e0000 - 0x00007ffd977ec000 	C:\windows\SYSTEM32\CRYPTBASE.dll
0x00007ffd93530000 - 0x00007ffd93549000 	C:\windows\SYSTEM32\dhcpcsvc6.DLL
0x00007ffd933f0000 - 0x00007ffd9340f000 	C:\windows\SYSTEM32\dhcpcsvc.DLL
0x00007ffd73ce0000 - 0x00007ffd73cee000 	C:\Program Files\Java\jdk-20\bin\sunmscapi.dll
0x00007ffd98730000 - 0x00007ffd98897000 	C:\windows\System32\CRYPT32.dll
0x00007ffd979f0000 - 0x00007ffd97a1e000 	C:\windows\SYSTEM32\ncrypt.dll
0x00007ffd979b0000 - 0x00007ffd979e7000 	C:\windows\SYSTEM32\NTASN1.dll

dbghelp: loaded successfully - version: 4.0.5 - missing functions: none
symbol engine: initialized successfully - sym options: 0x614 - pdb path: .;C:\Program Files\Java\jdk-20\bin;C:\windows\SYSTEM32;C:\windows\WinSxS\amd64_microsoft.windows.common-controls_6595b64144ccf1df_6.0.22621.1635_none_270f70857386168e;C:\Program Files\Java\jdk-20\bin\server;C:\windows\System32\DriverStore\FileRepository\u0380908.inf_amd64_3105c1702c47b731\B380794

VM Arguments:
jvm_args: -Dfile.encoding=UTF-8 --module-path=C:\Users\mkjai\OneDrive\Documents\NetBeansProjects\LibraryManagement\build\classes 
java_command: Library.IssueBook
java_class_path (initial): C:\Users\mkjai\OneDrive\Documents\mysql-connector-j-8.0.33\mysql-connector-j-8.0.33.jar;C:\Users\mkjai\OneDrive\Documents\NetBeansProjects\LibraryManagement\build\classes
Launcher Type: SUN_STANDARD

[Global flags]
     intx CICompilerCount                          = 4                                         {product} {ergonomic}
     uint ConcGCThreads                            = 3                                         {product} {ergonomic}
     uint G1ConcRefinementThreads                  = 10                                        {product} {ergonomic}
   size_t G1HeapRegionSize                         = 1048576                                   {product} {ergonomic}
    uintx GCDrainStackTargetSize                   = 64                                        {product} {ergonomic}
   size_t InitialHeapSize                          = 123731968                                 {product} {ergonomic}
   size_t MarkStackSize                            = 4194304                                   {product} {ergonomic}
   size_t MaxHeapSize                              = 1967128576                                {product} {ergonomic}
   size_t MaxNewSize                               = 1179648000                                {product} {ergonomic}
   size_t MinHeapDeltaBytes                        = 1048576                                   {product} {ergonomic}
   size_t MinHeapSize                              = 8388608                                   {product} {ergonomic}
    uintx NonNMethodCodeHeapSize                   = 5839372                                {pd product} {ergonomic}
    uintx NonProfiledCodeHeapSize                  = 122909434                              {pd product} {ergonomic}
    uintx ProfiledCodeHeapSize                     = 122909434                              {pd product} {ergonomic}
    uintx ReservedCodeCacheSize                    = 251658240                              {pd product} {ergonomic}
     bool SegmentedCodeCache                       = true                                      {product} {ergonomic}
   size_t SoftMaxHeapSize                          = 1967128576                             {manageable} {ergonomic}
     bool UseCompressedClassPointers               = true                           {product lp64_product} {ergonomic}
     bool UseCompressedOops                        = true                           {product lp64_product} {ergonomic}
     bool UseG1GC                                  = true                                      {product} {ergonomic}
     bool UseLargePagesIndividualAllocation        = false                                  {pd product} {ergonomic}

Logging:
Log output configuration:
 #0: stdout all=warning uptime,level,tags foldmultilines=false
 #1: stderr all=off uptime,level,tags foldmultilines=false

Environment Variables:
PATH=C:\Program Files\Common Files\Oracle\Java\javapath;C:\Program Files (x86)\Common Files\Oracle\Java\javapath;C:\windows\system32;C:\windows;C:\windows\System32\Wbem;C:\windows\System32\WindowsPowerShell\v1.0\;C:\windows\System32\OpenSSH\;C:\Program Files\Java\jdk-20\bin;C:\Users\mkjai\AppData\Local\Microsoft\WindowsApps;
USERNAME=mkjai
OS=Windows_NT
PROCESSOR_IDENTIFIER=AMD64 Family 23 Model 104 Stepping 1, AuthenticAMD
TMP=C:\Users\mkjai\AppData\Local\Temp
TEMP=C:\Users\mkjai\AppData\Local\Temp




---------------  S Y S T E M  ---------------

OS:
 Windows 11 , 64 bit Build 22621 (10.0.22621.1635)
OS uptime: 11 days 19:54 hours
Hyper-V role detected

CPU: total 12 (initial active 12) (12 cores per cpu, 2 threads per core) family 23 model 104 stepping 1 microcode 0x0, cx8, cmov, fxsr, ht, mmx, 3dnowpref, sse, sse2, sse3, ssse3, sse4a, sse4.1, sse4.2, popcnt, lzcnt, tsc, tscinvbit, avx, avx2, aes, clmul, bmi1, bmi2, adx, sha, fma, vzeroupper, clflush, clflushopt, hv, rdtscp, rdpid, f16c

Memory: 4k page, system-wide physical 7502M (691M free)
TotalPageFile size 30030M (AvailPageFile size 5M)
current process WorkingSet (physical memory assigned to process): 104M, peak: 104M
current process commit charge ("private bytes"): 254M, peak: 254M

vm_info: Java HotSpot(TM) 64-Bit Server VM (20.0.1+9-29) for windows-amd64 JRE (20.0.1+9-29), built on 2023-03-07T13:56:11Z by "mach5one" with MS VC++ 17.1 (VS2022)

END.
