#
# There is insufficient memory for the Java Runtime Environment to continue.
# Native memory allocation (malloc) failed to allocate 32744 bytes for Chunk::new
# Possible reasons:
#   The system is out of physical RAM or swap space
#   The process is running with CompressedOops enabled, and the Java Heap may be blocking the growth of the native heap
# Possible solutions:
#   Reduce memory load on the system
#   Increase physical memory or swap space
#   Check if swap backing store is full
#   Decrease Java heap size (-Xmx/-Xms)
#   Decrease number of Java threads
#   Decrease Java thread stack sizes (-Xss)
#   Set larger code cache with -XX:ReservedCodeCacheSize=
#   JVM is running with Unscaled Compressed Oops mode in which the Java heap is
#     placed in the first 4GB address space. The Java Heap base address is the
#     maximum limit for the native heap growth. Please use -XX:HeapBaseMinAddress
#     to set the Java Heap base and to place the Java Heap above 4GB virtual address.
# This output file may be truncated or incomplete.
#
#  Out of Memory Error (arena.cpp:184), pid=27972, tid=36952
#
# JRE version: Java(TM) SE Runtime Environment (20.0.1+9) (build 20.0.1+9-29)
# Java VM: Java HotSpot(TM) 64-Bit Server VM (20.0.1+9-29, mixed mode, sharing, tiered, compressed oops, compressed class ptrs, g1 gc, windows-amd64)
# No core dump will be written. Minidumps are not enabled by default on client versions of Windows
#

---------------  S U M M A R Y ------------

Command Line: -Dfile.encoding=UTF-8 --module-path=C:\Users\mkjai\OneDrive\Documents\NetBeansProjects\LibraryManagement\build\classes Library.IssueBook

Host: AMD Ryzen 5 5500U with Radeon Graphics         , 12 cores, 7G,  Windows 11 , 64 bit Build 22621 (10.0.22621.1635)
Time: Fri Jun  9 12:11:13 2023 India Standard Time elapsed time: 0.889268 seconds (0d 0h 0m 0s)

---------------  T H R E A D  ---------------

Current thread (0x0000026ad4322240):  JavaThread "C1 CompilerThread0" daemon [_thread_in_native, id=36952, stack(0x000000fedbb00000,0x000000fedbc00000)]


Current CompileTask:
C1:    889 1309   !   3       java.nio.charset.Charset::defaultCharset (53 bytes)

Stack: [0x000000fedbb00000,0x000000fedbc00000]
Native frames: (J=compiled Java code, j=interpreted, Vv=VM code, C=native code)
V  [jvm.dll+0x6bb95a]
V  [jvm.dll+0x8485fa]
V  [jvm.dll+0x84a1f5]
V  [jvm.dll+0x84a8f3]
V  [jvm.dll+0x280b0f]
V  [jvm.dll+0xc2b11]
V  [jvm.dll+0xc2e35]
V  [jvm.dll+0x171806]
V  [jvm.dll+0x18d96e]
V  [jvm.dll+0x187d92]
V  [jvm.dll+0x181d4e]
V  [jvm.dll+0x170010]
V  [jvm.dll+0x1587d7]
V  [jvm.dll+0x158152]
V  [jvm.dll+0x158384]
V  [jvm.dll+0x1577c6]
V  [jvm.dll+0x1594fd]
V  [jvm.dll+0x259e1b]
V  [jvm.dll+0x2584f0]
V  [jvm.dll+0x3f2895]
V  [jvm.dll+0x7f4b56]
V  [jvm.dll+0x6ba5cb]
C  [ucrtbase.dll+0x29363]
C  [KERNEL32.DLL+0x126ad]
C  [ntdll.dll+0x5a9f8]


---------------  P R O C E S S  ---------------

Threads class SMR info:
_java_thread_list=0x0000026ad9ce4610, length=16, elements={
0x0000026ab784a300, 0x0000026ad430df80, 0x0000026ad430e960, 0x0000026ad4313370,
0x0000026ad4314060, 0x0000026ad43159b0, 0x0000026ad43162f0, 0x0000026ad4317090,
0x0000026ad4322240, 0x0000026ad42dd790, 0x0000026ad86a1110, 0x0000026ad88aa690,
0x0000026ad88aabe0, 0x0000026ad8883170, 0x0000026ad9955b70, 0x0000026aded5c1c0
}

Java Threads: ( => current thread )
  0x0000026ab784a300 JavaThread "main" [_thread_in_vm, id=34288, stack(0x000000fedad00000,0x000000fedae00000)]
  0x0000026ad430df80 JavaThread "Reference Handler" daemon [_thread_blocked, id=30660, stack(0x000000fedb400000,0x000000fedb500000)]
  0x0000026ad430e960 JavaThread "Finalizer" daemon [_thread_blocked, id=45920, stack(0x000000fedb500000,0x000000fedb600000)]
  0x0000026ad4313370 JavaThread "Signal Dispatcher" daemon [_thread_blocked, id=43604, stack(0x000000fedb600000,0x000000fedb700000)]
  0x0000026ad4314060 JavaThread "Attach Listener" daemon [_thread_blocked, id=43132, stack(0x000000fedb700000,0x000000fedb800000)]
  0x0000026ad43159b0 JavaThread "Service Thread" daemon [_thread_blocked, id=23480, stack(0x000000fedb800000,0x000000fedb900000)]
  0x0000026ad43162f0 JavaThread "Monitor Deflation Thread" daemon [_thread_blocked, id=18492, stack(0x000000fedb900000,0x000000fedba00000)]
  0x0000026ad4317090 JavaThread "C2 CompilerThread0" daemon [_thread_blocked, id=46488, stack(0x000000fedba00000,0x000000fedbb00000)]
=>0x0000026ad4322240 JavaThread "C1 CompilerThread0" daemon [_thread_in_native, id=36952, stack(0x000000fedbb00000,0x000000fedbc00000)]
  0x0000026ad42dd790 JavaThread "Common-Cleaner" daemon [_thread_blocked, id=28212, stack(0x000000fedbc00000,0x000000fedbd00000)]
  0x0000026ad86a1110 JavaThread "Notification Thread" daemon [_thread_blocked, id=38924, stack(0x000000fedbd00000,0x000000fedbe00000)]
  0x0000026ad88aa690 JavaThread "Java2D Disposer" daemon [_thread_blocked, id=43040, stack(0x000000fedc000000,0x000000fedc100000)]
  0x0000026ad88aabe0 JavaThread "AWT-Shutdown" [_thread_blocked, id=33888, stack(0x000000fedc100000,0x000000fedc200000)]
  0x0000026ad8883170 JavaThread "AWT-Windows" daemon [_thread_in_native, id=47352, stack(0x000000fedc200000,0x000000fedc300000)]
  0x0000026ad9955b70 JavaThread "mysql-cj-abandoned-connection-cleanup" daemon [_thread_blocked, id=47064, stack(0x000000fedbf00000,0x000000fedc000000)]
  0x0000026aded5c1c0 JavaThread "C2 CompilerThread1" daemon [_thread_in_native, id=34980, stack(0x000000fedcd00000,0x000000fedce00000)]

Other Threads:
  0x0000026ad42f07a0 VMThread "VM Thread" [stack: 0x000000fedb300000,0x000000fedb400000] [id=14076]
  0x0000026ad86a4680 WatcherThread "VM Periodic Task Thread" [stack: 0x000000fedbe00000,0x000000fedbf00000] [id=12096]
  0x0000026ab78a3870 WorkerThread "GC Thread#0" [stack: 0x000000fedae00000,0x000000fedaf00000] [id=46964]
  0x0000026ab78b3200 ConcurrentGCThread "G1 Main Marker" [stack: 0x000000fedaf00000,0x000000fedb000000] [id=31516]
  0x0000026ab78b3f30 WorkerThread "G1 Conc#0" [stack: 0x000000fedb000000,0x000000fedb100000] [id=16880]
  0x0000026ad41aefe0 ConcurrentGCThread "G1 Refine#0" [stack: 0x000000fedb100000,0x000000fedb200000] [id=41312]
  0x0000026ad41b2c40 ConcurrentGCThread "G1 Service" [stack: 0x000000fedb200000,0x000000fedb300000] [id=41684]

Threads with active compile tasks:
C1 CompilerThread0      907 1309   !   3       java.nio.charset.Charset::defaultCharset (53 bytes)
C2 CompilerThread1      907 1279       4       sun.security.ec.ECOperations::setDouble (463 bytes)

VM state: not at safepoint (normal execution)

VM Mutex/Monitor currently owned by a thread: None

Heap address: 0x000000008ac00000, size: 1876 MB, Compressed Oops mode: 32-bit

CDS archive(s) mapped at: [0x0000000800000000-0x0000000800c60000-0x0000000800c60000), size 12976128, SharedBaseAddress: 0x0000000800000000, ArchiveRelocationMode: 0.
Compressed class space mapped at: 0x0000000801000000-0x0000000841000000, reserved size: 1073741824
Narrow klass base: 0x0000000800000000, Narrow klass shift: 0, Narrow klass range: 0x100000000

GC Precious Log:
 CardTable entry size: 512
 Card Set container configuration: InlinePtr #cards 5 size 8 Array Of Cards #cards 12 size 40 Howl #buckets 4 coarsen threshold 1843 Howl Bitmap #cards 512 size 80 coarsen threshold 460 Card regions per heap region 1 cards per card region 2048
 CPUs: 12 total, 12 available
 Memory: 7502M
 Large Page Support: Disabled
 NUMA Support: Disabled
 Compressed Oops: Enabled (32-bit)
 Heap Region Size: 1M
 Heap Min Capacity: 8M
 Heap Initial Capacity: 118M
 Heap Max Capacity: 1876M
 Pre-touch: Disabled
 Parallel Workers: 10
 Concurrent Workers: 3
 Concurrent Refinement Workers: 10
 Periodic GC: Disabled

Heap:
 garbage-first heap   total 120832K, used 15360K [0x000000008ac00000, 0x0000000100000000)
  region size 1024K, 17 young (17408K), 0 survivors (0K)
 Metaspace       used 13637K, committed 13952K, reserved 1114112K
  class space    used 1515K, committed 1664K, reserved 1048576K

Heap Regions: E=young(eden), S=young(survivor), O=old, HS=humongous(starts), HC=humongous(continues), CS=collection set, F=free, OA=open archive, CA=closed archive, TAMS=top-at-mark-start, PB=parsable bottom
|   0|0x000000008ac00000, 0x000000008ac00000, 0x000000008ad00000|  0%| F|  |TAMS 0x000000008ac00000| PB 0x000000008ac00000| Untracked 
|   1|0x000000008ad00000, 0x000000008ad00000, 0x000000008ae00000|  0%| F|  |TAMS 0x000000008ad00000| PB 0x000000008ad00000| Untracked 
|   2|0x000000008ae00000, 0x000000008ae00000, 0x000000008af00000|  0%| F|  |TAMS 0x000000008ae00000| PB 0x000000008ae00000| Untracked 
|   3|0x000000008af00000, 0x000000008af00000, 0x000000008b000000|  0%| F|  |TAMS 0x000000008af00000| PB 0x000000008af00000| Untracked 
|   4|0x000000008b000000, 0x000000008b000000, 0x000000008b100000|  0%| F|  |TAMS 0x000000008b000000| PB 0x000000008b000000| Untracked 
|   5|0x000000008b100000, 0x000000008b100000, 0x000000008b200000|  0%| F|  |TAMS 0x000000008b100000| PB 0x000000008b100000| Untracked 
|   6|0x000000008b200000, 0x000000008b200000, 0x000000008b300000|  0%| F|  |TAMS 0x000000008b200000| PB 0x000000008b200000| Untracked 
|   7|0x000000008b300000, 0x000000008b300000, 0x000000008b400000|  0%| F|  |TAMS 0x000000008b300000| PB 0x000000008b300000| Untracked 
|   8|0x000000008b400000, 0x000000008b400000, 0x000000008b500000|  0%| F|  |TAMS 0x000000008b400000| PB 0x000000008b400000| Untracked 
|   9|0x000000008b500000, 0x000000008b500000, 0x000000008b600000|  0%| F|  |TAMS 0x000000008b500000| PB 0x000000008b500000| Untracked 
|  10|0x000000008b600000, 0x000000008b600000, 0x000000008b700000|  0%| F|  |TAMS 0x000000008b600000| PB 0x000000008b600000| Untracked 
|  11|0x000000008b700000, 0x000000008b700000, 0x000000008b800000|  0%| F|  |TAMS 0x000000008b700000| PB 0x000000008b700000| Untracked 
|  12|0x000000008b800000, 0x000000008b800000, 0x000000008b900000|  0%| F|  |TAMS 0x000000008b800000| PB 0x000000008b800000| Untracked 
|  13|0x000000008b900000, 0x000000008b900000, 0x000000008ba00000|  0%| F|  |TAMS 0x000000008b900000| PB 0x000000008b900000| Untracked 
|  14|0x000000008ba00000, 0x000000008ba00000, 0x000000008bb00000|  0%| F|  |TAMS 0x000000008ba00000| PB 0x000000008ba00000| Untracked 
|  15|0x000000008bb00000, 0x000000008bb00000, 0x000000008bc00000|  0%| F|  |TAMS 0x000000008bb00000| PB 0x000000008bb00000| Untracked 
|  16|0x000000008bc00000, 0x000000008bc00000, 0x000000008bd00000|  0%| F|  |TAMS 0x000000008bc00000| PB 0x000000008bc00000| Untracked 
|  17|0x000000008bd00000, 0x000000008bd00000, 0x000000008be00000|  0%| F|  |TAMS 0x000000008bd00000| PB 0x000000008bd00000| Untracked 
|  18|0x000000008be00000, 0x000000008be00000, 0x000000008bf00000|  0%| F|  |TAMS 0x000000008be00000| PB 0x000000008be00000| Untracked 
|  19|0x000000008bf00000, 0x000000008bf00000, 0x000000008c000000|  0%| F|  |TAMS 0x000000008bf00000| PB 0x000000008bf00000| Untracked 
|  20|0x000000008c000000, 0x000000008c000000, 0x000000008c100000|  0%| F|  |TAMS 0x000000008c000000| PB 0x000000008c000000| Untracked 
|  21|0x000000008c100000, 0x000000008c100000, 0x000000008c200000|  0%| F|  |TAMS 0x000000008c100000| PB 0x000000008c100000| Untracked 
|  22|0x000000008c200000, 0x000000008c200000, 0x000000008c300000|  0%| F|  |TAMS 0x000000008c200000| PB 0x000000008c200000| Untracked 
|  23|0x000000008c300000, 0x000000008c300000, 0x000000008c400000|  0%| F|  |TAMS 0x000000008c300000| PB 0x000000008c300000| Untracked 
|  24|0x000000008c400000, 0x000000008c400000, 0x000000008c500000|  0%| F|  |TAMS 0x000000008c400000| PB 0x000000008c400000| Untracked 
|  25|0x000000008c500000, 0x000000008c500000, 0x000000008c600000|  0%| F|  |TAMS 0x000000008c500000| PB 0x000000008c500000| Untracked 
|  26|0x000000008c600000, 0x000000008c600000, 0x000000008c700000|  0%| F|  |TAMS 0x000000008c600000| PB 0x000000008c600000| Untracked 
|  27|0x000000008c700000, 0x000000008c700000, 0x000000008c800000|  0%| F|  |TAMS 0x000000008c700000| PB 0x000000008c700000| Untracked 
|  28|0x000000008c800000, 0x000000008c800000, 0x000000008c900000|  0%| F|  |TAMS 0x000000008c800000| PB 0x000000008c800000| Untracked 
|  29|0x000000008c900000, 0x000000008c900000, 0x000000008ca00000|  0%| F|  |TAMS 0x000000008c900000| PB 0x000000008c900000| Untracked 
|  30|0x000000008ca00000, 0x000000008ca00000, 0x000000008cb00000|  0%| F|  |TAMS 0x000000008ca00000| PB 0x000000008ca00000| Untracked 
|  31|0x000000008cb00000, 0x000000008cb00000, 0x000000008cc00000|  0%| F|  |TAMS 0x000000008cb00000| PB 0x000000008cb00000| Untracked 
|  32|0x000000008cc00000, 0x000000008cc00000, 0x000000008cd00000|  0%| F|  |TAMS 0x000000008cc00000| PB 0x000000008cc00000| Untracked 
|  33|0x000000008cd00000, 0x000000008cd00000, 0x000000008ce00000|  0%| F|  |TAMS 0x000000008cd00000| PB 0x000000008cd00000| Untracked 
|  34|0x000000008ce00000, 0x000000008ce00000, 0x000000008cf00000|  0%| F|  |TAMS 0x000000008ce00000| PB 0x000000008ce00000| Untracked 
|  35|0x000000008cf00000, 0x000000008cf00000, 0x000000008d000000|  0%| F|  |TAMS 0x000000008cf00000| PB 0x000000008cf00000| Untracked 
|  36|0x000000008d000000, 0x000000008d000000, 0x000000008d100000|  0%| F|  |TAMS 0x000000008d000000| PB 0x000000008d000000| Untracked 
|  37|0x000000008d100000, 0x000000008d100000, 0x000000008d200000|  0%| F|  |TAMS 0x000000008d100000| PB 0x000000008d100000| Untracked 
|  38|0x000000008d200000, 0x000000008d200000, 0x000000008d300000|  0%| F|  |TAMS 0x000000008d200000| PB 0x000000008d200000| Untracked 
|  39|0x000000008d300000, 0x000000008d300000, 0x000000008d400000|  0%| F|  |TAMS 0x000000008d300000| PB 0x000000008d300000| Untracked 
|  40|0x000000008d400000, 0x000000008d400000, 0x000000008d500000|  0%| F|  |TAMS 0x000000008d400000| PB 0x000000008d400000| Untracked 
|  41|0x000000008d500000, 0x000000008d500000, 0x000000008d600000|  0%| F|  |TAMS 0x000000008d500000| PB 0x000000008d500000| Untracked 
|  42|0x000000008d600000, 0x000000008d600000, 0x000000008d700000|  0%| F|  |TAMS 0x000000008d600000| PB 0x000000008d600000| Untracked 
|  43|0x000000008d700000, 0x000000008d700000, 0x000000008d800000|  0%| F|  |TAMS 0x000000008d700000| PB 0x000000008d700000| Untracked 
|  44|0x000000008d800000, 0x000000008d800000, 0x000000008d900000|  0%| F|  |TAMS 0x000000008d800000| PB 0x000000008d800000| Untracked 
|  45|0x000000008d900000, 0x000000008d900000, 0x000000008da00000|  0%| F|  |TAMS 0x000000008d900000| PB 0x000000008d900000| Untracked 
|  46|0x000000008da00000, 0x000000008da00000, 0x000000008db00000|  0%| F|  |TAMS 0x000000008da00000| PB 0x000000008da00000| Untracked 
|  47|0x000000008db00000, 0x000000008db00000, 0x000000008dc00000|  0%| F|  |TAMS 0x000000008db00000| PB 0x000000008db00000| Untracked 
|  48|0x000000008dc00000, 0x000000008dc00000, 0x000000008dd00000|  0%| F|  |TAMS 0x000000008dc00000| PB 0x000000008dc00000| Untracked 
|  49|0x000000008dd00000, 0x000000008dd00000, 0x000000008de00000|  0%| F|  |TAMS 0x000000008dd00000| PB 0x000000008dd00000| Untracked 
|  50|0x000000008de00000, 0x000000008de00000, 0x000000008df00000|  0%| F|  |TAMS 0x000000008de00000| PB 0x000000008de00000| Untracked 
|  51|0x000000008df00000, 0x000000008df00000, 0x000000008e000000|  0%| F|  |TAMS 0x000000008df00000| PB 0x000000008df00000| Untracked 
|  52|0x000000008e000000, 0x000000008e000000, 0x000000008e100000|  0%| F|  |TAMS 0x000000008e000000| PB 0x000000008e000000| Untracked 
|  53|0x000000008e100000, 0x000000008e100000, 0x000000008e200000|  0%| F|  |TAMS 0x000000008e100000| PB 0x000000008e100000| Untracked 
|  54|0x000000008e200000, 0x000000008e200000, 0x000000008e300000|  0%| F|  |TAMS 0x000000008e200000| PB 0x000000008e200000| Untracked 
|  55|0x000000008e300000, 0x000000008e300000, 0x000000008e400000|  0%| F|  |TAMS 0x000000008e300000| PB 0x000000008e300000| Untracked 
|  56|0x000000008e400000, 0x000000008e400000, 0x000000008e500000|  0%| F|  |TAMS 0x000000008e400000| PB 0x000000008e400000| Untracked 
|  57|0x000000008e500000, 0x000000008e500000, 0x000000008e600000|  0%| F|  |TAMS 0x000000008e500000| PB 0x000000008e500000| Untracked 
|  58|0x000000008e600000, 0x000000008e600000, 0x000000008e700000|  0%| F|  |TAMS 0x000000008e600000| PB 0x000000008e600000| Untracked 
|  59|0x000000008e700000, 0x000000008e700000, 0x000000008e800000|  0%| F|  |TAMS 0x000000008e700000| PB 0x000000008e700000| Untracked 
|  60|0x000000008e800000, 0x000000008e800000, 0x000000008e900000|  0%| F|  |TAMS 0x000000008e800000| PB 0x000000008e800000| Untracked 
|  61|0x000000008e900000, 0x000000008e900000, 0x000000008ea00000|  0%| F|  |TAMS 0x000000008e900000| PB 0x000000008e900000| Untracked 
|  62|0x000000008ea00000, 0x000000008ea00000, 0x000000008eb00000|  0%| F|  |TAMS 0x000000008ea00000| PB 0x000000008ea00000| Untracked 
|  63|0x000000008eb00000, 0x000000008eb00000, 0x000000008ec00000|  0%| F|  |TAMS 0x000000008eb00000| PB 0x000000008eb00000| Untracked 
|  64|0x000000008ec00000, 0x000000008ec00000, 0x000000008ed00000|  0%| F|  |TAMS 0x000000008ec00000| PB 0x000000008ec00000| Untracked 
|  65|0x000000008ed00000, 0x000000008ed00000, 0x000000008ee00000|  0%| F|  |TAMS 0x000000008ed00000| PB 0x000000008ed00000| Untracked 
|  66|0x000000008ee00000, 0x000000008ee00000, 0x000000008ef00000|  0%| F|  |TAMS 0x000000008ee00000| PB 0x000000008ee00000| Untracked 
|  67|0x000000008ef00000, 0x000000008ef00000, 0x000000008f000000|  0%| F|  |TAMS 0x000000008ef00000| PB 0x000000008ef00000| Untracked 
|  68|0x000000008f000000, 0x000000008f000000, 0x000000008f100000|  0%| F|  |TAMS 0x000000008f000000| PB 0x000000008f000000| Untracked 
|  69|0x000000008f100000, 0x000000008f100000, 0x000000008f200000|  0%| F|  |TAMS 0x000000008f100000| PB 0x000000008f100000| Untracked 
|  70|0x000000008f200000, 0x000000008f200000, 0x000000008f300000|  0%| F|  |TAMS 0x000000008f200000| PB 0x000000008f200000| Untracked 
|  71|0x000000008f300000, 0x000000008f300000, 0x000000008f400000|  0%| F|  |TAMS 0x000000008f300000| PB 0x000000008f300000| Untracked 
|  72|0x000000008f400000, 0x000000008f400000, 0x000000008f500000|  0%| F|  |TAMS 0x000000008f400000| PB 0x000000008f400000| Untracked 
|  73|0x000000008f500000, 0x000000008f500000, 0x000000008f600000|  0%| F|  |TAMS 0x000000008f500000| PB 0x000000008f500000| Untracked 
|  74|0x000000008f600000, 0x000000008f600000, 0x000000008f700000|  0%| F|  |TAMS 0x000000008f600000| PB 0x000000008f600000| Untracked 
|  75|0x000000008f700000, 0x000000008f700000, 0x000000008f800000|  0%| F|  |TAMS 0x000000008f700000| PB 0x000000008f700000| Untracked 
|  76|0x000000008f800000, 0x000000008f800000, 0x000000008f900000|  0%| F|  |TAMS 0x000000008f800000| PB 0x000000008f800000| Untracked 
|  77|0x000000008f900000, 0x000000008f900000, 0x000000008fa00000|  0%| F|  |TAMS 0x000000008f900000| PB 0x000000008f900000| Untracked 
|  78|0x000000008fa00000, 0x000000008fa00000, 0x000000008fb00000|  0%| F|  |TAMS 0x000000008fa00000| PB 0x000000008fa00000| Untracked 
|  79|0x000000008fb00000, 0x000000008fb00000, 0x000000008fc00000|  0%| F|  |TAMS 0x000000008fb00000| PB 0x000000008fb00000| Untracked 
|  80|0x000000008fc00000, 0x000000008fc00000, 0x000000008fd00000|  0%| F|  |TAMS 0x000000008fc00000| PB 0x000000008fc00000| Untracked 
|  81|0x000000008fd00000, 0x000000008fd00000, 0x000000008fe00000|  0%| F|  |TAMS 0x000000008fd00000| PB 0x000000008fd00000| Untracked 
|  82|0x000000008fe00000, 0x000000008fe00000, 0x000000008ff00000|  0%| F|  |TAMS 0x000000008fe00000| PB 0x000000008fe00000| Untracked 
|  83|0x000000008ff00000, 0x000000008ff00000, 0x0000000090000000|  0%| F|  |TAMS 0x000000008ff00000| PB 0x000000008ff00000| Untracked 
|  84|0x0000000090000000, 0x0000000090000000, 0x0000000090100000|  0%| F|  |TAMS 0x0000000090000000| PB 0x0000000090000000| Untracked 
|  85|0x0000000090100000, 0x0000000090100000, 0x0000000090200000|  0%| F|  |TAMS 0x0000000090100000| PB 0x0000000090100000| Untracked 
|  86|0x0000000090200000, 0x0000000090200000, 0x0000000090300000|  0%| F|  |TAMS 0x0000000090200000| PB 0x0000000090200000| Untracked 
|  87|0x0000000090300000, 0x0000000090300000, 0x0000000090400000|  0%| F|  |TAMS 0x0000000090300000| PB 0x0000000090300000| Untracked 
|  88|0x0000000090400000, 0x0000000090400000, 0x0000000090500000|  0%| F|  |TAMS 0x0000000090400000| PB 0x0000000090400000| Untracked 
|  89|0x0000000090500000, 0x0000000090500000, 0x0000000090600000|  0%| F|  |TAMS 0x0000000090500000| PB 0x0000000090500000| Untracked 
|  90|0x0000000090600000, 0x0000000090600000, 0x0000000090700000|  0%| F|  |TAMS 0x0000000090600000| PB 0x0000000090600000| Untracked 
|  91|0x0000000090700000, 0x0000000090700000, 0x0000000090800000|  0%| F|  |TAMS 0x0000000090700000| PB 0x0000000090700000| Untracked 
|  92|0x0000000090800000, 0x0000000090800000, 0x0000000090900000|  0%| F|  |TAMS 0x0000000090800000| PB 0x0000000090800000| Untracked 
|  93|0x0000000090900000, 0x0000000090900000, 0x0000000090a00000|  0%| F|  |TAMS 0x0000000090900000| PB 0x0000000090900000| Untracked 
|  94|0x0000000090a00000, 0x0000000090a00000, 0x0000000090b00000|  0%| F|  |TAMS 0x0000000090a00000| PB 0x0000000090a00000| Untracked 
|  95|0x0000000090b00000, 0x0000000090b00000, 0x0000000090c00000|  0%| F|  |TAMS 0x0000000090b00000| PB 0x0000000090b00000| Untracked 
|  96|0x0000000090c00000, 0x0000000090c00000, 0x0000000090d00000|  0%| F|  |TAMS 0x0000000090c00000| PB 0x0000000090c00000| Untracked 
|  97|0x0000000090d00000, 0x0000000090d00000, 0x0000000090e00000|  0%| F|  |TAMS 0x0000000090d00000| PB 0x0000000090d00000| Untracked 
|  98|0x0000000090e00000, 0x0000000090e00000, 0x0000000090f00000|  0%| F|  |TAMS 0x0000000090e00000| PB 0x0000000090e00000| Untracked 
|  99|0x0000000090f00000, 0x0000000090f00000, 0x0000000091000000|  0%| F|  |TAMS 0x0000000090f00000| PB 0x0000000090f00000| Untracked 
| 100|0x0000000091000000, 0x0000000091000000, 0x0000000091100000|  0%| F|  |TAMS 0x0000000091000000| PB 0x0000000091000000| Untracked 
| 101|0x0000000091100000, 0x0000000091176448, 0x0000000091200000| 46%| E|  |TAMS 0x0000000091100000| PB 0x0000000091100000| Complete 
| 102|0x0000000091200000, 0x0000000091300000, 0x0000000091300000|100%| E|CS|TAMS 0x0000000091200000| PB 0x0000000091200000| Complete 
| 103|0x0000000091300000, 0x0000000091400000, 0x0000000091400000|100%| E|CS|TAMS 0x0000000091300000| PB 0x0000000091300000| Complete 
| 104|0x0000000091400000, 0x0000000091500000, 0x0000000091500000|100%| E|CS|TAMS 0x0000000091400000| PB 0x0000000091400000| Complete 
| 105|0x0000000091500000, 0x0000000091600000, 0x0000000091600000|100%| E|CS|TAMS 0x0000000091500000| PB 0x0000000091500000| Complete 
| 106|0x0000000091600000, 0x0000000091700000, 0x0000000091700000|100%| E|CS|TAMS 0x0000000091600000| PB 0x0000000091600000| Complete 
| 107|0x0000000091700000, 0x0000000091800000, 0x0000000091800000|100%| E|CS|TAMS 0x0000000091700000| PB 0x0000000091700000| Complete 
| 108|0x0000000091800000, 0x0000000091900000, 0x0000000091900000|100%| E|CS|TAMS 0x0000000091800000| PB 0x0000000091800000| Complete 
| 109|0x0000000091900000, 0x0000000091a00000, 0x0000000091a00000|100%| E|  |TAMS 0x0000000091900000| PB 0x0000000091900000| Complete 
| 110|0x0000000091a00000, 0x0000000091b00000, 0x0000000091b00000|100%| E|CS|TAMS 0x0000000091a00000| PB 0x0000000091a00000| Complete 
| 111|0x0000000091b00000, 0x0000000091c00000, 0x0000000091c00000|100%| E|CS|TAMS 0x0000000091b00000| PB 0x0000000091b00000| Complete 
| 112|0x0000000091c00000, 0x0000000091d00000, 0x0000000091d00000|100%| E|CS|TAMS 0x0000000091c00000| PB 0x0000000091c00000| Complete 
| 113|0x0000000091d00000, 0x0000000091e00000, 0x0000000091e00000|100%| E|CS|TAMS 0x0000000091d00000| PB 0x0000000091d00000| Complete 
| 114|0x0000000091e00000, 0x0000000091f00000, 0x0000000091f00000|100%| E|CS|TAMS 0x0000000091e00000| PB 0x0000000091e00000| Complete 
| 115|0x0000000091f00000, 0x0000000092000000, 0x0000000092000000|100%| E|CS|TAMS 0x0000000091f00000| PB 0x0000000091f00000| Complete 
| 116|0x0000000092000000, 0x0000000092100000, 0x0000000092100000|100%| E|CS|TAMS 0x0000000092000000| PB 0x0000000092000000| Complete 
| 117|0x0000000092100000, 0x0000000092200000, 0x0000000092200000|100%| E|CS|TAMS 0x0000000092100000| PB 0x0000000092100000| Complete 

Card table byte_map: [0x0000026acf1f0000,0x0000026acf5a0000] _byte_map_base: 0x0000026aced9a000

Marking Bits: (CMBitMap*) 0x0000026ab78a3ea0
 Bits: [0x0000026acf950000, 0x0000026ad16a0000)

Polling page: 0x0000026ab57f0000

Metaspace:

Usage:
  Non-class:     11.90 MB used.
      Class:      1.48 MB used.
       Both:     13.38 MB used.

Virtual space:
  Non-class space:       64.00 MB reserved,      12.00 MB ( 19%) committed,  1 nodes.
      Class space:        1.00 GB reserved,       1.62 MB ( <1%) committed,  1 nodes.
             Both:        1.06 GB reserved,      13.62 MB (  1%) committed. 

Chunk freelists:
   Non-Class:  14.00 KB
       Class:  2.23 MB
        Both:  2.25 MB

MaxMetaspaceSize: unlimited
CompressedClassSpaceSize: 1.00 GB
Initial GC threshold: 21.00 MB
Current GC threshold: 21.00 MB
CDS: on
MetaspaceReclaimPolicy: balanced
 - commit_granule_bytes: 65536.
 - commit_granule_words: 8192.
 - virtual_space_node_default_size: 8388608.
 - enlarge_chunks_in_place: 1.
 - new_chunks_are_fully_committed: 0.
 - uncommit_free_chunks: 1.
 - use_allocation_guard: 0.


Internal statistics:

num_allocs_failed_limit: 0.
num_arena_births: 156.
num_arena_deaths: 0.
num_vsnodes_births: 2.
num_vsnodes_deaths: 0.
num_space_committed: 218.
num_space_uncommitted: 0.
num_chunks_returned_to_freelist: 0.
num_chunks_taken_from_freelist: 315.
num_chunk_merges: 0.
num_chunk_splits: 201.
num_chunks_enlarged: 124.
num_inconsistent_stats: 0.

CodeHeap 'non-profiled nmethods': size=120000Kb used=458Kb max_used=458Kb free=119541Kb
 bounds [0x0000026ac73c0000, 0x0000026ac7630000, 0x0000026ace8f0000]
CodeHeap 'profiled nmethods': size=120000Kb used=2102Kb max_used=2102Kb free=117897Kb
 bounds [0x0000026abf8f0000, 0x0000026abfb60000, 0x0000026ac6e20000]
CodeHeap 'non-nmethods': size=5760Kb used=1615Kb max_used=1631Kb free=4144Kb
 bounds [0x0000026ac6e20000, 0x0000026ac7090000, 0x0000026ac73c0000]
 total_blobs=1928 nmethods=1309 adapters=530
 compilation: enabled
              stopped_count=0, restarted_count=0
 full_count=0

Compilation events (20 events):
Event: 0.877 Thread 0x0000026ad4322240 nmethod 1296 0x0000026abfafa610 code [0x0000026abfafa7a0, 0x0000026abfafa8a0]
Event: 0.877 Thread 0x0000026ad4322240 1294       3       sun.security.provider.SHA5::lf_delta0 (20 bytes)
Event: 0.877 Thread 0x0000026ad4322240 nmethod 1294 0x0000026abfafa910 code [0x0000026abfafaac0, 0x0000026abfafad40]
Event: 0.877 Thread 0x0000026ad4322240 1297       3       java.util.LinkedList$ListItr::hasNext (20 bytes)
Event: 0.877 Thread 0x0000026ad4322240 nmethod 1297 0x0000026abfafae90 code [0x0000026abfafb020, 0x0000026abfafb198]
Event: 0.880 Thread 0x0000026ad4322240 1298       3       sun.security.ec.XECOperations::bitAt (23 bytes)
Event: 0.880 Thread 0x0000026ad4322240 nmethod 1298 0x0000026abfafb290 code [0x0000026abfafb420, 0x0000026abfafb5b8]
Event: 0.880 Thread 0x0000026ad4322240 1299       3       sun.security.util.math.intpoly.IntegerPolynomial25519::reduce (40 bytes)
Event: 0.881 Thread 0x0000026ad4322240 nmethod 1299 0x0000026abfafb710 code [0x0000026abfafb8c0, 0x0000026abfafbbb8]
Event: 0.881 Thread 0x0000026ad4322240 1300       3       sun.security.util.math.intpoly.IntegerPolynomial25519::carryReduce (391 bytes)
Event: 0.881 Thread 0x0000026ad4322240 nmethod 1300 0x0000026abfafbd90 code [0x0000026abfafbf20, 0x0000026abfafc388]
Event: 0.885 Thread 0x0000026ad4322240 1304       3       sun.security.provider.SHA5::lf_sigma1 (21 bytes)
Event: 0.885 Thread 0x0000026ad4322240 nmethod 1304 0x0000026abfafc590 code [0x0000026abfafc740, 0x0000026abfafc9e8]
Event: 0.886 Thread 0x0000026ad4322240 1305       3       sun.security.provider.SHA5::lf_ch (13 bytes)
Event: 0.886 Thread 0x0000026ad4322240 nmethod 1305 0x0000026abfafcb90 code [0x0000026abfafcd20, 0x0000026abfafce28]
Event: 0.886 Thread 0x0000026ad4322240 1306       3       sun.security.provider.SHA5::lf_sigma0 (21 bytes)
Event: 0.886 Thread 0x0000026ad4322240 nmethod 1306 0x0000026abfafce90 code [0x0000026abfafd040, 0x0000026abfafd2e8]
Event: 0.886 Thread 0x0000026ad4322240 1308       3       java.lang.StringCoding::hasNegatives (16 bytes)
Event: 0.886 Thread 0x0000026ad4322240 nmethod 1308 0x0000026abfafd490 code [0x0000026abfafd620, 0x0000026abfafd798]
Event: 0.886 Thread 0x0000026ad4322240 1309   !   3       java.nio.charset.Charset::defaultCharset (53 bytes)

GC Heap History (0 events):
No events

Dll operation events (9 events):
Event: 0.014 Loaded shared library C:\Program Files\Java\jdk-20\bin\java.dll
Event: 0.022 Loaded shared library C:\Program Files\Java\jdk-20\bin\jsvml.dll
Event: 0.070 Loaded shared library C:\Program Files\Java\jdk-20\bin\net.dll
Event: 0.072 Loaded shared library C:\Program Files\Java\jdk-20\bin\nio.dll
Event: 0.095 Loaded shared library C:\Program Files\Java\jdk-20\bin\zip.dll
Event: 0.105 Loaded shared library C:\Program Files\Java\jdk-20\bin\jimage.dll
Event: 0.119 Loaded shared library C:\Program Files\Java\jdk-20\bin\awt.dll
Event: 0.462 Loaded shared library C:\Program Files\Java\jdk-20\bin\extnet.dll
Event: 0.581 Loaded shared library C:\Program Files\Java\jdk-20\bin\sunmscapi.dll

Deoptimization events (20 events):
Event: 0.880 Thread 0x0000026ab784a300 Uncommon trap: trap_request=0xffffff66 fr.pc=0x0000026ac742cba8 relative=0x00000000000002e8
Event: 0.880 Thread 0x0000026ab784a300 Uncommon trap: reason=speculate_class_check action=maybe_recompile pc=0x0000026ac742cba8 method=sun.security.util.math.intpoly.IntegerPolynomial.multByInt([JJ)V @ 26 c2
Event: 0.880 Thread 0x0000026ab784a300 DEOPT PACKING pc=0x0000026ac742cba8 sp=0x000000fedadfdff0
Event: 0.880 Thread 0x0000026ab784a300 DEOPT UNPACKING pc=0x0000026ac6e89d22 sp=0x000000fedadfdf30 mode 2
Event: 0.880 Thread 0x0000026ab784a300 Uncommon trap: trap_request=0xffffffde fr.pc=0x0000026ac74280ec relative=0x000000000000024c
Event: 0.880 Thread 0x0000026ab784a300 Uncommon trap: reason=class_check action=maybe_recompile pc=0x0000026ac74280ec method=sun.security.util.math.intpoly.IntegerPolynomial.multByInt([JJ)V @ 26 c2
Event: 0.880 Thread 0x0000026ab784a300 DEOPT PACKING pc=0x0000026ac74280ec sp=0x000000fedadfdf60
Event: 0.880 Thread 0x0000026ab784a300 DEOPT UNPACKING pc=0x0000026ac6e89d22 sp=0x000000fedadfdf30 mode 2
Event: 0.880 Thread 0x0000026ab784a300 Uncommon trap: trap_request=0xffffffde fr.pc=0x0000026ac74280ec relative=0x000000000000024c
Event: 0.880 Thread 0x0000026ab784a300 Uncommon trap: reason=class_check action=maybe_recompile pc=0x0000026ac74280ec method=sun.security.util.math.intpoly.IntegerPolynomial.multByInt([JJ)V @ 26 c2
Event: 0.880 Thread 0x0000026ab784a300 DEOPT PACKING pc=0x0000026ac74280ec sp=0x000000fedadfdf60
Event: 0.881 Thread 0x0000026ab784a300 DEOPT UNPACKING pc=0x0000026ac6e89d22 sp=0x000000fedadfdf30 mode 2
Event: 0.881 Thread 0x0000026ab784a300 Uncommon trap: trap_request=0xffffffde fr.pc=0x0000026ac74280ec relative=0x000000000000024c
Event: 0.881 Thread 0x0000026ab784a300 Uncommon trap: reason=class_check action=maybe_recompile pc=0x0000026ac74280ec method=sun.security.util.math.intpoly.IntegerPolynomial.multByInt([JJ)V @ 26 c2
Event: 0.881 Thread 0x0000026ab784a300 DEOPT PACKING pc=0x0000026ac74280ec sp=0x000000fedadfdf60
Event: 0.881 Thread 0x0000026ab784a300 DEOPT UNPACKING pc=0x0000026ac6e89d22 sp=0x000000fedadfdf30 mode 2
Event: 0.881 Thread 0x0000026ab784a300 Uncommon trap: trap_request=0xffffffde fr.pc=0x0000026ac74280ec relative=0x000000000000024c
Event: 0.881 Thread 0x0000026ab784a300 Uncommon trap: reason=class_check action=maybe_recompile pc=0x0000026ac74280ec method=sun.security.util.math.intpoly.IntegerPolynomial.multByInt([JJ)V @ 26 c2
Event: 0.881 Thread 0x0000026ab784a300 DEOPT PACKING pc=0x0000026ac74280ec sp=0x000000fedadfdf60
Event: 0.881 Thread 0x0000026ab784a300 DEOPT UNPACKING pc=0x0000026ac6e89d22 sp=0x000000fedadfdf30 mode 2

Classes loaded (20 events):
Event: 0.878 Loading class javax/crypto/SecretKey done
Event: 0.881 Loading class javax/crypto/spec/SecretKeySpec
Event: 0.882 Loading class javax/crypto/spec/SecretKeySpec done
Event: 0.882 Loading class jdk/internal/access/JavaxCryptoSpecAccess
Event: 0.882 Loading class jdk/internal/access/JavaxCryptoSpecAccess done
Event: 0.883 Loading class sun/security/ssl/HKDF
Event: 0.883 Loading class sun/security/ssl/HKDF done
Event: 0.883 Loading class javax/crypto/Mac
Event: 0.884 Loading class javax/crypto/Mac done
Event: 0.884 Loading class com/sun/crypto/provider/HmacCore$HmacSHA384
Event: 0.884 Loading class com/sun/crypto/provider/HmacCore
Event: 0.884 Loading class javax/crypto/MacSpi
Event: 0.884 Loading class javax/crypto/MacSpi done
Event: 0.884 Loading class com/sun/crypto/provider/HmacCore done
Event: 0.885 Loading class com/sun/crypto/provider/HmacCore$HmacSHA384 done
Event: 0.885 Loading class sun/security/ssl/SSLSecretDerivation
Event: 0.886 Loading class sun/security/ssl/SSLSecretDerivation done
Event: 0.886 Loading class sun/security/ssl/SSLSecretDerivation$SecretSchedule
Event: 0.886 Loading class sun/security/ssl/SSLSecretDerivation$SecretSchedule done
Event: 0.887 Loading class sun/security/ssl/SSLTrafficKeyDerivation

Classes unloaded (0 events):
No events

Classes redefined (0 events):
No events

Internal exceptions (20 events):
Event: 0.073 Thread 0x0000026ab784a300 Exception <a 'sun/nio/fs/WindowsException'{0x0000000092043a00}> (0x0000000092043a00) 
thrown [s\open\src\hotspot\share\prims\jni.cpp, line 519]
Event: 0.076 Thread 0x0000026ab784a300 Exception <a 'sun/nio/fs/WindowsException'{0x0000000092045fe8}> (0x0000000092045fe8) 
thrown [s\open\src\hotspot\share\prims\jni.cpp, line 519]
Event: 0.111 Thread 0x0000026ab784a300 Exception <a 'java/lang/ClassNotFoundException'{0x0000000091f924f8}: sun/awt/resources/spi/awtProvider> (0x0000000091f924f8) 
thrown [s\open\src\hotspot\share\classfile\systemDictionary.cpp, line 305]
Event: 0.129 Thread 0x0000026ab784a300 Exception <a 'java/io/FileNotFoundException'{0x0000000091fe8c08}> (0x0000000091fe8c08) 
thrown [s\open\src\hotspot\share\prims\jni.cpp, line 519]
Event: 0.134 Thread 0x0000026ab784a300 Exception <a 'java/io/FileNotFoundException'{0x0000000091e13550}> (0x0000000091e13550) 
thrown [s\open\src\hotspot\share\prims\jni.cpp, line 519]
Event: 0.261 Thread 0x0000026ab784a300 Exception <a 'java/lang/NoSuchMethodError'{0x0000000091d32580}: 'void java.lang.invoke.DirectMethodHandle$Holder.invokeSpecial(java.lang.Object, java.lang.Object, java.lang.Object)'> (0x0000000091d32580) 
thrown [s\open\src\hotspot\share\interpreter\linkResolver.cpp, line 773]
Event: 0.268 Thread 0x0000026ab784a300 Exception <a 'java/lang/NoSuchMethodError'{0x0000000091d5ccc8}: 'java.lang.Object java.lang.invoke.DirectMethodHandle$Holder.newInvokeSpecial(java.lang.Object, java.lang.Object, java.lang.Object, java.lang.Object, java.lang.Object)'> (0x0000000091d5ccc8) 
thrown [s\open\src\hotspot\share\interpreter\linkResolver.cpp, line 773]
Event: 0.274 Thread 0x0000026ab784a300 Exception <a 'java/lang/NoSuchMethodError'{0x0000000091d8d8a0}: 'java.lang.Object java.lang.invoke.DirectMethodHandle$Holder.invokeStatic(java.lang.Object, int, java.lang.Object)'> (0x0000000091d8d8a0) 
thrown [s\open\src\hotspot\share\interpreter\linkResolver.cpp, line 773]
Event: 0.297 Thread 0x0000026ab784a300 Exception <a 'java/lang/ClassNotFoundException'{0x0000000091c48e30}: com/sun/swing/internal/plaf/metal/resources/spi/metalProvider> (0x0000000091c48e30) 
thrown [s\open\src\hotspot\share\classfile\systemDictionary.cpp, line 305]
Event: 0.297 Thread 0x0000026ab784a300 Exception <a 'java/lang/ClassNotFoundException'{0x0000000091c4cd90}: com/sun/swing/internal/plaf/basic/resources/spi/basicProvider> (0x0000000091c4cd90) 
thrown [s\open\src\hotspot\share\classfile\systemDictionary.cpp, line 305]
Event: 0.304 Thread 0x0000026ab784a300 Exception <a 'java/lang/NoSuchMethodError'{0x0000000091c6bf10}: 'int java.lang.invoke.Invokers$Holder.invokeExact_MT(java.lang.Object, java.lang.Object)'> (0x0000000091c6bf10) 
thrown [s\open\src\hotspot\share\interpreter\linkResolver.cpp, line 773]
Event: 0.363 Thread 0x0000026ab784a300 Exception <a 'java/lang/NoSuchMethodError'{0x0000000091b92f18}: 'java.lang.Object java.lang.invoke.DirectMethodHandle$Holder.invokeInterface(java.lang.Object, java.lang.Object)'> (0x0000000091b92f18) 
thrown [s\open\src\hotspot\share\interpreter\linkResolver.cpp, line 773]
Event: 0.384 Thread 0x0000026ab784a300 Exception <a 'java/lang/NoSuchMethodError'{0x0000000091a11078}: 'void java.lang.invoke.DirectMethodHandle$Holder.invokeStatic(java.lang.Object, java.lang.Object, java.lang.Object)'> (0x0000000091a11078) 
thrown [s\open\src\hotspot\share\interpreter\linkResolver.cpp, line 773]
Event: 0.386 Thread 0x0000026ab784a300 Exception <a 'java/lang/NoSuchMethodError'{0x0000000091a1ab88}: 'java.lang.Object java.lang.invoke.DirectMethodHandle$Holder.invokeVirtual(java.lang.Object, java.lang.Object, java.lang.Object)'> (0x0000000091a1ab88) 
thrown [s\open\src\hotspot\share\interpreter\linkResolver.cpp, line 773]
Event: 0.464 Thread 0x0000026ab784a300 Exception <a 'java/lang/NoSuchMethodError'{0x000000009171d988}: 'void java.lang.invoke.DirectMethodHandle$Holder.invokeStatic(java.lang.Object, java.lang.Object)'> (0x000000009171d988) 
thrown [s\open\src\hotspot\share\interpreter\linkResolver.cpp, line 773]
Event: 0.556 Thread 0x0000026ab784a300 Exception <a 'java/lang/NoSuchMethodError'{0x0000000091599b20}: 'void java.lang.invoke.DirectMethodHandle$Holder.invokeStaticInit(java.lang.Object, java.lang.Object)'> (0x0000000091599b20) 
thrown [s\open\src\hotspot\share\interpreter\linkResolver.cpp, line 773]
Event: 0.614 Thread 0x0000026ab784a300 Exception <a 'sun/nio/fs/WindowsException'{0x00000000914ed3b0}> (0x00000000914ed3b0) 
thrown [s\open\src\hotspot\share\prims\jni.cpp, line 519]
Event: 0.652 Thread 0x0000026ab784a300 Exception <a 'java/lang/NoSuchMethodError'{0x00000000913a03d8}: 'java.lang.Object java.lang.invoke.DirectMethodHandle$Holder.invokeStaticInit(java.lang.Object, int, int, int, int)'> (0x00000000913a03d8) 
thrown [s\open\src\hotspot\share\interpreter\linkResolver.cpp, line 773]
Event: 0.747 Thread 0x0000026ab784a300 Exception <a 'java/lang/NoSuchMethodError'{0x00000000913e32c8}: 'java.lang.Object java.lang.invoke.DirectMethodHandle$Holder.invokeStaticInit(java.lang.Object, java.lang.Object, int, int, int, int)'> (0x00000000913e32c8) 
thrown [s\open\src\hotspot\share\interpreter\linkResolver.cpp, line 773]
Event: 0.882 Thread 0x0000026ab784a300 Exception <a 'java/lang/NoSuchMethodError'{0x00000000911520d8}: 'void java.lang.invoke.DirectMethodHandle$Holder.invokeVirtual(java.lang.Object, java.lang.Object)'> (0x00000000911520d8) 
thrown [s\open\src\hotspot\share\interpreter\linkResolver.cpp, line 773]

VM Operations (12 events):
Event: 0.078 Executing VM operation: HandshakeAllThreads
Event: 0.078 Executing VM operation: HandshakeAllThreads done
Event: 0.322 Executing VM operation: HandshakeAllThreads
Event: 0.322 Executing VM operation: HandshakeAllThreads done
Event: 0.349 Executing VM operation: HandshakeAllThreads
Event: 0.349 Executing VM operation: HandshakeAllThreads done
Event: 0.449 Executing VM operation: HandshakeAllThreads
Event: 0.449 Executing VM operation: HandshakeAllThreads done
Event: 0.623 Executing VM operation: HandshakeAllThreads
Event: 0.623 Executing VM operation: HandshakeAllThreads done
Event: 0.763 Executing VM operation: ICBufferFull
Event: 0.763 Executing VM operation: ICBufferFull done

Events (20 events):
Event: 0.023 Thread 0x0000026ab784a300 Thread added: 0x0000026ab784a300
Event: 0.037 Thread 0x0000026ad430df80 Thread added: 0x0000026ad430df80
Event: 0.037 Thread 0x0000026ad430e960 Thread added: 0x0000026ad430e960
Event: 0.038 Thread 0x0000026ad4313370 Thread added: 0x0000026ad4313370
Event: 0.038 Thread 0x0000026ad4314060 Thread added: 0x0000026ad4314060
Event: 0.038 Thread 0x0000026ad43159b0 Thread added: 0x0000026ad43159b0
Event: 0.038 Thread 0x0000026ad43162f0 Thread added: 0x0000026ad43162f0
Event: 0.038 Thread 0x0000026ad4317090 Thread added: 0x0000026ad4317090
Event: 0.038 Thread 0x0000026ad4322240 Thread added: 0x0000026ad4322240
Event: 0.059 Thread 0x0000026ad42dd790 Thread added: 0x0000026ad42dd790
Event: 0.087 Thread 0x0000026ad86a1110 Thread added: 0x0000026ad86a1110
Event: 0.092 Thread 0x0000026ad86e3c50 Thread added: 0x0000026ad86e3c50
Event: 0.174 Thread 0x0000026ad88aa690 Thread added: 0x0000026ad88aa690
Event: 0.175 Thread 0x0000026ad88aabe0 Thread added: 0x0000026ad88aabe0
Event: 0.177 Thread 0x0000026ad8883170 Thread added: 0x0000026ad8883170
Event: 0.252 Thread 0x0000026ad86e3c50 Thread exited: 0x0000026ad86e3c50
Event: 0.339 Thread 0x0000026ad9955b70 Thread added: 0x0000026ad9955b70
Event: 0.377 Thread 0x0000026ad999f7c0 Thread added: 0x0000026ad999f7c0
Event: 0.763 Thread 0x0000026ad999f7c0 Thread exited: 0x0000026ad999f7c0
Event: 0.831 Thread 0x0000026aded5c1c0 Thread added: 0x0000026aded5c1c0


Dynamic libraries:
0x00007ff749f40000 - 0x00007ff749f50000 	C:\Program Files\Java\jdk-20\bin\java.exe
0x00007ffd9ac30000 - 0x00007ffd9ae44000 	C:\windows\SYSTEM32\ntdll.dll
0x00007ffd99680000 - 0x00007ffd99742000 	C:\windows\System32\KERNEL32.DLL
0x00007ffd98350000 - 0x00007ffd986f3000 	C:\windows\System32\KERNELBASE.dll
0x00007ffd92350000 - 0x00007ffd923e7000 	C:\windows\SYSTEM32\apphelp.dll
0x00007ffd98190000 - 0x00007ffd982a1000 	C:\windows\System32\ucrtbase.dll
0x00007ffd750d0000 - 0x00007ffd750eb000 	C:\Program Files\Java\jdk-20\bin\VCRUNTIME140.dll
0x00007ffd5b910000 - 0x00007ffd5b929000 	C:\Program Files\Java\jdk-20\bin\jli.dll
0x00007ffd98a30000 - 0x00007ffd98ade000 	C:\windows\System32\ADVAPI32.dll
0x00007ffd9a740000 - 0x00007ffd9a7e7000 	C:\windows\System32\msvcrt.dll
0x00007ffd99510000 - 0x00007ffd995b4000 	C:\windows\System32\sechost.dll
0x00007ffd9a590000 - 0x00007ffd9a6a7000 	C:\windows\System32\RPCRT4.dll
0x00007ffd9a3e0000 - 0x00007ffd9a58b000 	C:\windows\System32\USER32.dll
0x00007ffd98700000 - 0x00007ffd98726000 	C:\windows\System32\win32u.dll
0x00007ffd7a090000 - 0x00007ffd7a31e000 	C:\windows\WinSxS\amd64_microsoft.windows.common-controls_6595b64144ccf1df_6.0.22621.1635_none_270f70857386168e\COMCTL32.dll
0x00007ffd9a710000 - 0x00007ffd9a739000 	C:\windows\System32\GDI32.dll
0x00007ffd988a0000 - 0x00007ffd989b8000 	C:\windows\System32\gdi32full.dll
0x00007ffd982b0000 - 0x00007ffd9834a000 	C:\windows\System32\msvcp_win.dll
0x00007ffd8f730000 - 0x00007ffd8f73a000 	C:\windows\SYSTEM32\VERSION.dll
0x00007ffd9a9a0000 - 0x00007ffd9a9d1000 	C:\windows\System32\IMM32.DLL
0x00007ffd7c4c0000 - 0x00007ffd7c4cc000 	C:\Program Files\Java\jdk-20\bin\vcruntime140_1.dll
0x00007ffd5b430000 - 0x00007ffd5b4be000 	C:\Program Files\Java\jdk-20\bin\msvcp140.dll
0x00007ffd43480000 - 0x00007ffd44117000 	C:\Program Files\Java\jdk-20\bin\server\jvm.dll
0x00007ffd90970000 - 0x00007ffd909a4000 	C:\windows\SYSTEM32\WINMM.dll
0x00007ffd86bc0000 - 0x00007ffd86bc9000 	C:\windows\SYSTEM32\WSOCK32.dll
0x00007ffd98be0000 - 0x00007ffd98c51000 	C:\windows\System32\WS2_32.dll
0x00007ffd970a0000 - 0x00007ffd970b8000 	C:\windows\SYSTEM32\kernel.appcore.dll
0x00007ffd75420000 - 0x00007ffd7542a000 	C:\Program Files\Java\jdk-20\bin\jimage.dll
0x00007ffd87f20000 - 0x00007ffd8814e000 	C:\windows\SYSTEM32\DBGHELP.DLL
0x00007ffd99750000 - 0x00007ffd99ad9000 	C:\windows\System32\combase.dll
0x00007ffd9a9e0000 - 0x00007ffd9aab7000 	C:\windows\System32\OLEAUT32.dll
0x00007ffd87720000 - 0x00007ffd87752000 	C:\windows\SYSTEM32\dbgcore.DLL
0x00007ffd98050000 - 0x00007ffd980cb000 	C:\windows\System32\bcryptPrimitives.dll
0x00007ffd73fd0000 - 0x00007ffd73ff6000 	C:\Program Files\Java\jdk-20\bin\java.dll
0x00007ffd56c40000 - 0x00007ffd56d17000 	C:\Program Files\Java\jdk-20\bin\jsvml.dll
0x00007ffd98c60000 - 0x00007ffd9945a000 	C:\windows\System32\SHELL32.dll
0x00007ffd96020000 - 0x00007ffd968ee000 	C:\windows\SYSTEM32\windows.storage.dll
0x00007ffd95ee0000 - 0x00007ffd9601e000 	C:\windows\SYSTEM32\wintypes.dll
0x00007ffd98ae0000 - 0x00007ffd98bd1000 	C:\windows\System32\SHCORE.dll
0x00007ffd99cb0000 - 0x00007ffd99d0e000 	C:\windows\System32\shlwapi.dll
0x00007ffd97f80000 - 0x00007ffd97fa1000 	C:\windows\SYSTEM32\profapi.dll
0x00007ffd743b0000 - 0x00007ffd743c3000 	C:\Program Files\Java\jdk-20\bin\net.dll
0x00007ffd93f80000 - 0x00007ffd940b7000 	C:\windows\SYSTEM32\WINHTTP.dll
0x00007ffd97580000 - 0x00007ffd975e9000 	C:\windows\system32\mswsock.dll
0x00007ffd73b50000 - 0x00007ffd73b66000 	C:\Program Files\Java\jdk-20\bin\nio.dll
0x00007ffd737d0000 - 0x00007ffd737e8000 	C:\Program Files\Java\jdk-20\bin\zip.dll
0x00007ffd4aa40000 - 0x00007ffd4abd1000 	C:\Program Files\Java\jdk-20\bin\awt.dll
0x00007ffd95850000 - 0x00007ffd9587b000 	C:\windows\system32\DWMAPI.DLL
0x00007ffd955a0000 - 0x00007ffd9564b000 	C:\windows\system32\uxtheme.dll
0x00007ffd47e50000 - 0x00007ffd47f50000 	C:\windows\system32\opengl32.dll
0x00007ffd5d8b0000 - 0x00007ffd5d8dd000 	C:\windows\SYSTEM32\GLU32.dll
0x00007ffd956e0000 - 0x00007ffd95716000 	C:\windows\SYSTEM32\dxcore.dll
0x00007ffd99ae0000 - 0x00007ffd99bfe000 	C:\windows\System32\MSCTF.dll
0x00007ffd9a7f0000 - 0x00007ffd9a98c000 	C:\windows\System32\ole32.dll
0x00007ffd1fb90000 - 0x00007ffd1fd39000 	C:\windows\system32\d3d9.dll
0x00007ffd83570000 - 0x00007ffd8372a000 	C:\windows\System32\DriverStore\FileRepository\u0380908.inf_amd64_3105c1702c47b731\B380794\aticfx64.dll
0x00007ffcdde60000 - 0x00007ffcdde94000 	C:\windows\System32\DriverStore\FileRepository\u0380908.inf_amd64_3105c1702c47b731\B380794\atiu9p64.dll
0x00007ffcdd100000 - 0x00007ffcdde56000 	C:\windows\System32\DriverStore\FileRepository\u0380908.inf_amd64_3105c1702c47b731\B380794\atiumd64.dll
0x000000005cb60000 - 0x000000005da1f000 	C:\windows\System32\DriverStore\FileRepository\u0380908.inf_amd64_3105c1702c47b731\B380794\atiumd6a.dll
0x00007ffd99f60000 - 0x00007ffd9a3d4000 	C:\windows\System32\SETUPAPI.dll
0x00007ffd978e0000 - 0x00007ffd9792d000 	C:\windows\SYSTEM32\POWRPROF.dll
0x00007ffd978c0000 - 0x00007ffd978d3000 	C:\windows\SYSTEM32\UMPDC.dll
0x00007ffd83510000 - 0x00007ffd83540000 	C:\windows\SYSTEM32\amdihk64.dll
0x00007ffd89330000 - 0x00007ffd89378000 	C:\windows\SYSTEM32\directxdatabasehelper.dll
0x00007ffd96be0000 - 0x00007ffd96cd3000 	C:\windows\SYSTEM32\DNSAPI.dll
0x00007ffd96bb0000 - 0x00007ffd96bdd000 	C:\windows\SYSTEM32\IPHLPAPI.DLL
0x00007ffd99c20000 - 0x00007ffd99c29000 	C:\windows\System32\NSI.dll
0x00007ffd929c0000 - 0x00007ffd929ca000 	C:\Windows\System32\rasadhlp.dll
0x00007ffd92a90000 - 0x00007ffd92b14000 	C:\windows\System32\fwpuclnt.dll
0x00007ffd74d10000 - 0x00007ffd74d17000 	C:\Program Files\Java\jdk-20\bin\extnet.dll
0x00007ffd73ce0000 - 0x00007ffd73cee000 	C:\Program Files\Java\jdk-20\bin\sunmscapi.dll
0x00007ffd98730000 - 0x00007ffd98897000 	C:\windows\System32\CRYPT32.dll
0x00007ffd979f0000 - 0x00007ffd97a1e000 	C:\windows\SYSTEM32\ncrypt.dll
0x00007ffd979b0000 - 0x00007ffd979e7000 	C:\windows\SYSTEM32\NTASN1.dll
0x00007ffd977f0000 - 0x00007ffd9780b000 	C:\windows\SYSTEM32\CRYPTSP.dll
0x00007ffd97010000 - 0x00007ffd97045000 	C:\windows\system32\rsaenh.dll
0x00007ffd97680000 - 0x00007ffd976a8000 	C:\windows\SYSTEM32\USERENV.dll
0x00007ffd97a20000 - 0x00007ffd97a48000 	C:\windows\SYSTEM32\bcrypt.dll
0x00007ffd977e0000 - 0x00007ffd977ec000 	C:\windows\SYSTEM32\CRYPTBASE.dll
0x00007ffd93530000 - 0x00007ffd93549000 	C:\windows\SYSTEM32\dhcpcsvc6.DLL
0x00007ffd933f0000 - 0x00007ffd9340f000 	C:\windows\SYSTEM32\dhcpcsvc.DLL

dbghelp: loaded successfully - version: 4.0.5 - missing functions: none
symbol engine: initialized successfully - sym options: 0x614 - pdb path: .;C:\Program Files\Java\jdk-20\bin;C:\windows\SYSTEM32;C:\windows\WinSxS\amd64_microsoft.windows.common-controls_6595b64144ccf1df_6.0.22621.1635_none_270f70857386168e;C:\Program Files\Java\jdk-20\bin\server;C:\windows\System32\DriverStore\FileRepository\u0380908.inf_amd64_3105c1702c47b731\B380794

VM Arguments:
jvm_args: -Dfile.encoding=UTF-8 --module-path=C:\Users\mkjai\OneDrive\Documents\NetBeansProjects\LibraryManagement\build\classes 
java_command: Library.IssueBook
java_class_path (initial): C:\Users\mkjai\OneDrive\Documents\mysql-connector-j-8.0.33\mysql-connector-j-8.0.33.jar;C:\Users\mkjai\OneDrive\Documents\NetBeansProjects\LibraryManagement\build\classes
Launcher Type: SUN_STANDARD

[Global flags]
     intx CICompilerCount                          = 4                                         {product} {ergonomic}
     uint ConcGCThreads                            = 3                                         {product} {ergonomic}
     uint G1ConcRefinementThreads                  = 10                                        {product} {ergonomic}
   size_t G1HeapRegionSize                         = 1048576                                   {product} {ergonomic}
    uintx GCDrainStackTargetSize                   = 64                                        {product} {ergonomic}
   size_t InitialHeapSize                          = 123731968                                 {product} {ergonomic}
   size_t MarkStackSize                            = 4194304                                   {product} {ergonomic}
   size_t MaxHeapSize                              = 1967128576                                {product} {ergonomic}
   size_t MaxNewSize                               = 1179648000                                {product} {ergonomic}
   size_t MinHeapDeltaBytes                        = 1048576                                   {product} {ergonomic}
   size_t MinHeapSize                              = 8388608                                   {product} {ergonomic}
    uintx NonNMethodCodeHeapSize                   = 5839372                                {pd product} {ergonomic}
    uintx NonProfiledCodeHeapSize                  = 122909434                              {pd product} {ergonomic}
    uintx ProfiledCodeHeapSize                     = 122909434                              {pd product} {ergonomic}
    uintx ReservedCodeCacheSize                    = 251658240                              {pd product} {ergonomic}
     bool SegmentedCodeCache                       = true                                      {product} {ergonomic}
   size_t SoftMaxHeapSize                          = 1967128576                             {manageable} {ergonomic}
     bool UseCompressedClassPointers               = true                           {product lp64_product} {ergonomic}
     bool UseCompressedOops                        = true                           {product lp64_product} {ergonomic}
     bool UseG1GC                                  = true                                      {product} {ergonomic}
     bool UseLargePagesIndividualAllocation        = false                                  {pd product} {ergonomic}

Logging:
Log output configuration:
 #0: stdout all=warning uptime,level,tags foldmultilines=false
 #1: stderr all=off uptime,level,tags foldmultilines=false

Environment Variables:
PATH=C:\Program Files\Common Files\Oracle\Java\javapath;C:\Program Files (x86)\Common Files\Oracle\Java\javapath;C:\windows\system32;C:\windows;C:\windows\System32\Wbem;C:\windows\System32\WindowsPowerShell\v1.0\;C:\windows\System32\OpenSSH\;C:\Program Files\Java\jdk-20\bin;C:\Users\mkjai\AppData\Local\Microsoft\WindowsApps;
USERNAME=mkjai
OS=Windows_NT
PROCESSOR_IDENTIFIER=AMD64 Family 23 Model 104 Stepping 1, AuthenticAMD
TMP=C:\Users\mkjai\AppData\Local\Temp
TEMP=C:\Users\mkjai\AppData\Local\Temp




---------------  S Y S T E M  ---------------

OS:
 Windows 11 , 64 bit Build 22621 (10.0.22621.1635)
OS uptime: 11 days 19:48 hours
Hyper-V role detected

CPU: total 12 (initial active 12) (12 cores per cpu, 2 threads per core) family 23 model 104 stepping 1 microcode 0x0, cx8, cmov, fxsr, ht, mmx, 3dnowpref, sse, sse2, sse3, ssse3, sse4a, sse4.1, sse4.2, popcnt, lzcnt, tsc, tscinvbit, avx, avx2, aes, clmul, bmi1, bmi2, adx, sha, fma, vzeroupper, clflush, clflushopt, hv, rdtscp, rdpid, f16c

Memory: 4k page, system-wide physical 7502M (590M free)
TotalPageFile size 30030M (AvailPageFile size 2M)
current process WorkingSet (physical memory assigned to process): 94M, peak: 94M
current process commit charge ("private bytes"): 244M, peak: 244M

vm_info: Java HotSpot(TM) 64-Bit Server VM (20.0.1+9-29) for windows-amd64 JRE (20.0.1+9-29), built on 2023-03-07T13:56:11Z by "mach5one" with MS VC++ 17.1 (VS2022)

END.
