#
# There is insufficient memory for the Java Runtime Environment to continue.
# Native memory allocation (mmap) failed to map 65536 bytes for Failed to commit metaspace.
# Possible reasons:
#   The system is out of physical RAM or swap space
#   The process is running with CompressedOops enabled, and the Java Heap may be blocking the growth of the native heap
# Possible solutions:
#   Reduce memory load on the system
#   Increase physical memory or swap space
#   Check if swap backing store is full
#   Decrease Java heap size (-Xmx/-Xms)
#   Decrease number of Java threads
#   Decrease Java thread stack sizes (-Xss)
#   Set larger code cache with -XX:ReservedCodeCacheSize=
#   JVM is running with Unscaled Compressed Oops mode in which the Java heap is
#     placed in the first 4GB address space. The Java Heap base address is the
#     maximum limit for the native heap growth. Please use -XX:HeapBaseMinAddress
#     to set the Java Heap base and to place the Java Heap above 4GB virtual address.
# This output file may be truncated or incomplete.
#
#  Out of Memory Error (virtualSpaceNode.cpp:110), pid=32840, tid=33440
#
# JRE version: Java(TM) SE Runtime Environment (20.0.1+9) (build 20.0.1+9-29)
# Java VM: Java HotSpot(TM) 64-Bit Server VM (20.0.1+9-29, mixed mode, sharing, tiered, compressed oops, compressed class ptrs, g1 gc, windows-amd64)
# No core dump will be written. Minidumps are not enabled by default on client versions of Windows
#

---------------  S U M M A R Y ------------

Command Line: -Dfile.encoding=UTF-8 --module-path=C:\Users\mkjai\OneDrive\Documents\NetBeansProjects\LibraryManagement\build\classes Library.IssueBook

Host: AMD Ryzen 5 5500U with Radeon Graphics         , 12 cores, 7G,  Windows 11 , 64 bit Build 22621 (10.0.22621.1635)
Time: Fri Jun  9 12:16:49 2023 India Standard Time elapsed time: 0.555668 seconds (0d 0h 0m 0s)

---------------  T H R E A D  ---------------

Current thread (0x0000021e76688f70):  JavaThread "main" [_thread_in_vm, id=33440, stack(0x0000004316700000,0x0000004316800000)]

Stack: [0x0000004316700000,0x0000004316800000]
Native frames: (J=compiled Java code, j=interpreted, Vv=VM code, C=native code)
V  [jvm.dll+0x6bb95a]
V  [jvm.dll+0x8485fa]
V  [jvm.dll+0x84a1f5]
V  [jvm.dll+0x84a8f3]
V  [jvm.dll+0x280b0f]
V  [jvm.dll+0x84453b]
V  [jvm.dll+0x65fd86]
V  [jvm.dll+0x65fdea]
V  [jvm.dll+0x6626c3]
V  [jvm.dll+0x66258e]
V  [jvm.dll+0x66079e]
V  [jvm.dll+0x26c66f]
V  [jvm.dll+0x66add5]
V  [jvm.dll+0x21b442]
V  [jvm.dll+0x21b975]
V  [jvm.dll+0x21c361]
V  [jvm.dll+0x211780]
V  [jvm.dll+0x59c26c]
V  [jvm.dll+0x222d6a]
V  [jvm.dll+0x7c2cb4]
V  [jvm.dll+0x7c3dff]
V  [jvm.dll+0x7c43af]
V  [jvm.dll+0x7c4058]
V  [jvm.dll+0x27024b]
V  [jvm.dll+0x27046f]
V  [jvm.dll+0x5bdc98]
V  [jvm.dll+0x5c0bf7]
V  [jvm.dll+0x3dc020]
V  [jvm.dll+0x3db65f]
C  0x0000021e0755e760

Java frames: (J=compiled Java code, j=interpreted, Vv=VM code)
j  java.awt.Component.addMouseListener(Ljava/awt/event/MouseListener;)V+11 java.desktop@20.0.1
j  javax.swing.text.JTextComponent.<init>()V+35 java.desktop@20.0.1
j  javax.swing.JTextField.<init>(Ljavax/swing/text/Document;Ljava/lang/String;I)V+1 java.desktop@20.0.1
j  javax.swing.JTextField.<init>()V+4 java.desktop@20.0.1
j  Library.IssueBook.<init>()V+185
j  Library.IssueBook.main([Ljava/lang/String;)V+4
v  ~StubRoutines::call_stub 0x0000021e0753100d

---------------  P R O C E S S  ---------------

Threads class SMR info:
_java_thread_list=0x0000021e197c77c0, length=14, elements={
0x0000021e76688f70, 0x0000021e15141d70, 0x0000021e151429b0, 0x0000021e151477e0,
0x0000021e151483a0, 0x0000021e15148ce0, 0x0000021e15149620, 0x0000021e1514a290,
0x0000021e1514ad40, 0x0000021e194a2fb0, 0x0000021e19599cd0, 0x0000021e19757070,
0x0000021e1975b2c0, 0x0000021e19762910
}

Java Threads: ( => current thread )
=>0x0000021e76688f70 JavaThread "main" [_thread_in_vm, id=33440, stack(0x0000004316700000,0x0000004316800000)]
  0x0000021e15141d70 JavaThread "Reference Handler" daemon [_thread_blocked, id=11708, stack(0x0000004316e00000,0x0000004316f00000)]
  0x0000021e151429b0 JavaThread "Finalizer" daemon [_thread_blocked, id=42968, stack(0x0000004316f00000,0x0000004317000000)]
  0x0000021e151477e0 JavaThread "Signal Dispatcher" daemon [_thread_blocked, id=37760, stack(0x0000004317000000,0x0000004317100000)]
  0x0000021e151483a0 JavaThread "Attach Listener" daemon [_thread_blocked, id=33172, stack(0x0000004317100000,0x0000004317200000)]
  0x0000021e15148ce0 JavaThread "Service Thread" daemon [_thread_blocked, id=37704, stack(0x0000004317200000,0x0000004317300000)]
  0x0000021e15149620 JavaThread "Monitor Deflation Thread" daemon [_thread_blocked, id=19076, stack(0x0000004317300000,0x0000004317400000)]
  0x0000021e1514a290 JavaThread "C2 CompilerThread0" daemon [_thread_blocked, id=1372, stack(0x0000004317400000,0x0000004317500000)]
  0x0000021e1514ad40 JavaThread "C1 CompilerThread0" daemon [_thread_blocked, id=41896, stack(0x0000004317500000,0x0000004317600000)]
  0x0000021e194a2fb0 JavaThread "Common-Cleaner" daemon [_thread_blocked, id=22876, stack(0x0000004317600000,0x0000004317700000)]
  0x0000021e19599cd0 JavaThread "Notification Thread" daemon [_thread_blocked, id=7332, stack(0x0000004317700000,0x0000004317800000)]
  0x0000021e19757070 JavaThread "Java2D Disposer" daemon [_thread_blocked, id=39308, stack(0x0000004317a00000,0x0000004317b00000)]
  0x0000021e1975b2c0 JavaThread "AWT-Shutdown" [_thread_blocked, id=34836, stack(0x0000004317b00000,0x0000004317c00000)]
  0x0000021e19762910 JavaThread "AWT-Windows" daemon [_thread_in_native, id=32936, stack(0x0000004317c00000,0x0000004317d00000)]

Other Threads:
  0x0000021e15126500 VMThread "VM Thread" [stack: 0x0000004316d00000,0x0000004316e00000] [id=12468]
  0x0000021e1959a630 WatcherThread "VM Periodic Task Thread" [stack: 0x0000004317800000,0x0000004317900000] [id=36296]
  0x0000021e766e3860 WorkerThread "GC Thread#0" [stack: 0x0000004316800000,0x0000004316900000] [id=39484]
  0x0000021e766f31f0 ConcurrentGCThread "G1 Main Marker" [stack: 0x0000004316900000,0x0000004316a00000] [id=43968]
  0x0000021e766f3f20 WorkerThread "G1 Conc#0" [stack: 0x0000004316a00000,0x0000004316b00000] [id=34192]
  0x0000021e14fe6150 ConcurrentGCThread "G1 Refine#0" [stack: 0x0000004316b00000,0x0000004316c00000] [id=38640]
  0x0000021e14fe6990 ConcurrentGCThread "G1 Service" [stack: 0x0000004316c00000,0x0000004316d00000] [id=12216]

Threads with active compile tasks:

VM state: not at safepoint (normal execution)

VM Mutex/Monitor currently owned by a thread:  ([mutex/lock_event])
[0x0000021e76672090] Metaspace_lock - owner thread: 0x0000021e76688f70

Heap address: 0x000000008ac00000, size: 1876 MB, Compressed Oops mode: 32-bit

CDS archive(s) mapped at: [0x0000000800000000-0x0000000800c60000-0x0000000800c60000), size 12976128, SharedBaseAddress: 0x0000000800000000, ArchiveRelocationMode: 0.
Compressed class space mapped at: 0x0000000801000000-0x0000000841000000, reserved size: 1073741824
Narrow klass base: 0x0000000800000000, Narrow klass shift: 0, Narrow klass range: 0x100000000

GC Precious Log:
 CardTable entry size: 512
 Card Set container configuration: InlinePtr #cards 5 size 8 Array Of Cards #cards 12 size 40 Howl #buckets 4 coarsen threshold 1843 Howl Bitmap #cards 512 size 80 coarsen threshold 460 Card regions per heap region 1 cards per card region 2048
 CPUs: 12 total, 12 available
 Memory: 7502M
 Large Page Support: Disabled
 NUMA Support: Disabled
 Compressed Oops: Enabled (32-bit)
 Heap Region Size: 1M
 Heap Min Capacity: 8M
 Heap Initial Capacity: 118M
 Heap Max Capacity: 1876M
 Pre-touch: Disabled
 Parallel Workers: 10
 Concurrent Workers: 3
 Concurrent Refinement Workers: 10
 Periodic GC: Disabled

Heap:
 garbage-first heap   total 120832K, used 5120K [0x000000008ac00000, 0x0000000100000000)
  region size 1024K, 6 young (6144K), 0 survivors (0K)
 Metaspace       used 4324K, committed 4416K, reserved 1114112K
  class space    used 471K, committed 512K, reserved 1048576K

Heap Regions: E=young(eden), S=young(survivor), O=old, HS=humongous(starts), HC=humongous(continues), CS=collection set, F=free, OA=open archive, CA=closed archive, TAMS=top-at-mark-start, PB=parsable bottom
|   0|0x000000008ac00000, 0x000000008ac00000, 0x000000008ad00000|  0%| F|  |TAMS 0x000000008ac00000| PB 0x000000008ac00000| Untracked 
|   1|0x000000008ad00000, 0x000000008ad00000, 0x000000008ae00000|  0%| F|  |TAMS 0x000000008ad00000| PB 0x000000008ad00000| Untracked 
|   2|0x000000008ae00000, 0x000000008ae00000, 0x000000008af00000|  0%| F|  |TAMS 0x000000008ae00000| PB 0x000000008ae00000| Untracked 
|   3|0x000000008af00000, 0x000000008af00000, 0x000000008b000000|  0%| F|  |TAMS 0x000000008af00000| PB 0x000000008af00000| Untracked 
|   4|0x000000008b000000, 0x000000008b000000, 0x000000008b100000|  0%| F|  |TAMS 0x000000008b000000| PB 0x000000008b000000| Untracked 
|   5|0x000000008b100000, 0x000000008b100000, 0x000000008b200000|  0%| F|  |TAMS 0x000000008b100000| PB 0x000000008b100000| Untracked 
|   6|0x000000008b200000, 0x000000008b200000, 0x000000008b300000|  0%| F|  |TAMS 0x000000008b200000| PB 0x000000008b200000| Untracked 
|   7|0x000000008b300000, 0x000000008b300000, 0x000000008b400000|  0%| F|  |TAMS 0x000000008b300000| PB 0x000000008b300000| Untracked 
|   8|0x000000008b400000, 0x000000008b400000, 0x000000008b500000|  0%| F|  |TAMS 0x000000008b400000| PB 0x000000008b400000| Untracked 
|   9|0x000000008b500000, 0x000000008b500000, 0x000000008b600000|  0%| F|  |TAMS 0x000000008b500000| PB 0x000000008b500000| Untracked 
|  10|0x000000008b600000, 0x000000008b600000, 0x000000008b700000|  0%| F|  |TAMS 0x000000008b600000| PB 0x000000008b600000| Untracked 
|  11|0x000000008b700000, 0x000000008b700000, 0x000000008b800000|  0%| F|  |TAMS 0x000000008b700000| PB 0x000000008b700000| Untracked 
|  12|0x000000008b800000, 0x000000008b800000, 0x000000008b900000|  0%| F|  |TAMS 0x000000008b800000| PB 0x000000008b800000| Untracked 
|  13|0x000000008b900000, 0x000000008b900000, 0x000000008ba00000|  0%| F|  |TAMS 0x000000008b900000| PB 0x000000008b900000| Untracked 
|  14|0x000000008ba00000, 0x000000008ba00000, 0x000000008bb00000|  0%| F|  |TAMS 0x000000008ba00000| PB 0x000000008ba00000| Untracked 
|  15|0x000000008bb00000, 0x000000008bb00000, 0x000000008bc00000|  0%| F|  |TAMS 0x000000008bb00000| PB 0x000000008bb00000| Untracked 
|  16|0x000000008bc00000, 0x000000008bc00000, 0x000000008bd00000|  0%| F|  |TAMS 0x000000008bc00000| PB 0x000000008bc00000| Untracked 
|  17|0x000000008bd00000, 0x000000008bd00000, 0x000000008be00000|  0%| F|  |TAMS 0x000000008bd00000| PB 0x000000008bd00000| Untracked 
|  18|0x000000008be00000, 0x000000008be00000, 0x000000008bf00000|  0%| F|  |TAMS 0x000000008be00000| PB 0x000000008be00000| Untracked 
|  19|0x000000008bf00000, 0x000000008bf00000, 0x000000008c000000|  0%| F|  |TAMS 0x000000008bf00000| PB 0x000000008bf00000| Untracked 
|  20|0x000000008c000000, 0x000000008c000000, 0x000000008c100000|  0%| F|  |TAMS 0x000000008c000000| PB 0x000000008c000000| Untracked 
|  21|0x000000008c100000, 0x000000008c100000, 0x000000008c200000|  0%| F|  |TAMS 0x000000008c100000| PB 0x000000008c100000| Untracked 
|  22|0x000000008c200000, 0x000000008c200000, 0x000000008c300000|  0%| F|  |TAMS 0x000000008c200000| PB 0x000000008c200000| Untracked 
|  23|0x000000008c300000, 0x000000008c300000, 0x000000008c400000|  0%| F|  |TAMS 0x000000008c300000| PB 0x000000008c300000| Untracked 
|  24|0x000000008c400000, 0x000000008c400000, 0x000000008c500000|  0%| F|  |TAMS 0x000000008c400000| PB 0x000000008c400000| Untracked 
|  25|0x000000008c500000, 0x000000008c500000, 0x000000008c600000|  0%| F|  |TAMS 0x000000008c500000| PB 0x000000008c500000| Untracked 
|  26|0x000000008c600000, 0x000000008c600000, 0x000000008c700000|  0%| F|  |TAMS 0x000000008c600000| PB 0x000000008c600000| Untracked 
|  27|0x000000008c700000, 0x000000008c700000, 0x000000008c800000|  0%| F|  |TAMS 0x000000008c700000| PB 0x000000008c700000| Untracked 
|  28|0x000000008c800000, 0x000000008c800000, 0x000000008c900000|  0%| F|  |TAMS 0x000000008c800000| PB 0x000000008c800000| Untracked 
|  29|0x000000008c900000, 0x000000008c900000, 0x000000008ca00000|  0%| F|  |TAMS 0x000000008c900000| PB 0x000000008c900000| Untracked 
|  30|0x000000008ca00000, 0x000000008ca00000, 0x000000008cb00000|  0%| F|  |TAMS 0x000000008ca00000| PB 0x000000008ca00000| Untracked 
|  31|0x000000008cb00000, 0x000000008cb00000, 0x000000008cc00000|  0%| F|  |TAMS 0x000000008cb00000| PB 0x000000008cb00000| Untracked 
|  32|0x000000008cc00000, 0x000000008cc00000, 0x000000008cd00000|  0%| F|  |TAMS 0x000000008cc00000| PB 0x000000008cc00000| Untracked 
|  33|0x000000008cd00000, 0x000000008cd00000, 0x000000008ce00000|  0%| F|  |TAMS 0x000000008cd00000| PB 0x000000008cd00000| Untracked 
|  34|0x000000008ce00000, 0x000000008ce00000, 0x000000008cf00000|  0%| F|  |TAMS 0x000000008ce00000| PB 0x000000008ce00000| Untracked 
|  35|0x000000008cf00000, 0x000000008cf00000, 0x000000008d000000|  0%| F|  |TAMS 0x000000008cf00000| PB 0x000000008cf00000| Untracked 
|  36|0x000000008d000000, 0x000000008d000000, 0x000000008d100000|  0%| F|  |TAMS 0x000000008d000000| PB 0x000000008d000000| Untracked 
|  37|0x000000008d100000, 0x000000008d100000, 0x000000008d200000|  0%| F|  |TAMS 0x000000008d100000| PB 0x000000008d100000| Untracked 
|  38|0x000000008d200000, 0x000000008d200000, 0x000000008d300000|  0%| F|  |TAMS 0x000000008d200000| PB 0x000000008d200000| Untracked 
|  39|0x000000008d300000, 0x000000008d300000, 0x000000008d400000|  0%| F|  |TAMS 0x000000008d300000| PB 0x000000008d300000| Untracked 
|  40|0x000000008d400000, 0x000000008d400000, 0x000000008d500000|  0%| F|  |TAMS 0x000000008d400000| PB 0x000000008d400000| Untracked 
|  41|0x000000008d500000, 0x000000008d500000, 0x000000008d600000|  0%| F|  |TAMS 0x000000008d500000| PB 0x000000008d500000| Untracked 
|  42|0x000000008d600000, 0x000000008d600000, 0x000000008d700000|  0%| F|  |TAMS 0x000000008d600000| PB 0x000000008d600000| Untracked 
|  43|0x000000008d700000, 0x000000008d700000, 0x000000008d800000|  0%| F|  |TAMS 0x000000008d700000| PB 0x000000008d700000| Untracked 
|  44|0x000000008d800000, 0x000000008d800000, 0x000000008d900000|  0%| F|  |TAMS 0x000000008d800000| PB 0x000000008d800000| Untracked 
|  45|0x000000008d900000, 0x000000008d900000, 0x000000008da00000|  0%| F|  |TAMS 0x000000008d900000| PB 0x000000008d900000| Untracked 
|  46|0x000000008da00000, 0x000000008da00000, 0x000000008db00000|  0%| F|  |TAMS 0x000000008da00000| PB 0x000000008da00000| Untracked 
|  47|0x000000008db00000, 0x000000008db00000, 0x000000008dc00000|  0%| F|  |TAMS 0x000000008db00000| PB 0x000000008db00000| Untracked 
|  48|0x000000008dc00000, 0x000000008dc00000, 0x000000008dd00000|  0%| F|  |TAMS 0x000000008dc00000| PB 0x000000008dc00000| Untracked 
|  49|0x000000008dd00000, 0x000000008dd00000, 0x000000008de00000|  0%| F|  |TAMS 0x000000008dd00000| PB 0x000000008dd00000| Untracked 
|  50|0x000000008de00000, 0x000000008de00000, 0x000000008df00000|  0%| F|  |TAMS 0x000000008de00000| PB 0x000000008de00000| Untracked 
|  51|0x000000008df00000, 0x000000008df00000, 0x000000008e000000|  0%| F|  |TAMS 0x000000008df00000| PB 0x000000008df00000| Untracked 
|  52|0x000000008e000000, 0x000000008e000000, 0x000000008e100000|  0%| F|  |TAMS 0x000000008e000000| PB 0x000000008e000000| Untracked 
|  53|0x000000008e100000, 0x000000008e100000, 0x000000008e200000|  0%| F|  |TAMS 0x000000008e100000| PB 0x000000008e100000| Untracked 
|  54|0x000000008e200000, 0x000000008e200000, 0x000000008e300000|  0%| F|  |TAMS 0x000000008e200000| PB 0x000000008e200000| Untracked 
|  55|0x000000008e300000, 0x000000008e300000, 0x000000008e400000|  0%| F|  |TAMS 0x000000008e300000| PB 0x000000008e300000| Untracked 
|  56|0x000000008e400000, 0x000000008e400000, 0x000000008e500000|  0%| F|  |TAMS 0x000000008e400000| PB 0x000000008e400000| Untracked 
|  57|0x000000008e500000, 0x000000008e500000, 0x000000008e600000|  0%| F|  |TAMS 0x000000008e500000| PB 0x000000008e500000| Untracked 
|  58|0x000000008e600000, 0x000000008e600000, 0x000000008e700000|  0%| F|  |TAMS 0x000000008e600000| PB 0x000000008e600000| Untracked 
|  59|0x000000008e700000, 0x000000008e700000, 0x000000008e800000|  0%| F|  |TAMS 0x000000008e700000| PB 0x000000008e700000| Untracked 
|  60|0x000000008e800000, 0x000000008e800000, 0x000000008e900000|  0%| F|  |TAMS 0x000000008e800000| PB 0x000000008e800000| Untracked 
|  61|0x000000008e900000, 0x000000008e900000, 0x000000008ea00000|  0%| F|  |TAMS 0x000000008e900000| PB 0x000000008e900000| Untracked 
|  62|0x000000008ea00000, 0x000000008ea00000, 0x000000008eb00000|  0%| F|  |TAMS 0x000000008ea00000| PB 0x000000008ea00000| Untracked 
|  63|0x000000008eb00000, 0x000000008eb00000, 0x000000008ec00000|  0%| F|  |TAMS 0x000000008eb00000| PB 0x000000008eb00000| Untracked 
|  64|0x000000008ec00000, 0x000000008ec00000, 0x000000008ed00000|  0%| F|  |TAMS 0x000000008ec00000| PB 0x000000008ec00000| Untracked 
|  65|0x000000008ed00000, 0x000000008ed00000, 0x000000008ee00000|  0%| F|  |TAMS 0x000000008ed00000| PB 0x000000008ed00000| Untracked 
|  66|0x000000008ee00000, 0x000000008ee00000, 0x000000008ef00000|  0%| F|  |TAMS 0x000000008ee00000| PB 0x000000008ee00000| Untracked 
|  67|0x000000008ef00000, 0x000000008ef00000, 0x000000008f000000|  0%| F|  |TAMS 0x000000008ef00000| PB 0x000000008ef00000| Untracked 
|  68|0x000000008f000000, 0x000000008f000000, 0x000000008f100000|  0%| F|  |TAMS 0x000000008f000000| PB 0x000000008f000000| Untracked 
|  69|0x000000008f100000, 0x000000008f100000, 0x000000008f200000|  0%| F|  |TAMS 0x000000008f100000| PB 0x000000008f100000| Untracked 
|  70|0x000000008f200000, 0x000000008f200000, 0x000000008f300000|  0%| F|  |TAMS 0x000000008f200000| PB 0x000000008f200000| Untracked 
|  71|0x000000008f300000, 0x000000008f300000, 0x000000008f400000|  0%| F|  |TAMS 0x000000008f300000| PB 0x000000008f300000| Untracked 
|  72|0x000000008f400000, 0x000000008f400000, 0x000000008f500000|  0%| F|  |TAMS 0x000000008f400000| PB 0x000000008f400000| Untracked 
|  73|0x000000008f500000, 0x000000008f500000, 0x000000008f600000|  0%| F|  |TAMS 0x000000008f500000| PB 0x000000008f500000| Untracked 
|  74|0x000000008f600000, 0x000000008f600000, 0x000000008f700000|  0%| F|  |TAMS 0x000000008f600000| PB 0x000000008f600000| Untracked 
|  75|0x000000008f700000, 0x000000008f700000, 0x000000008f800000|  0%| F|  |TAMS 0x000000008f700000| PB 0x000000008f700000| Untracked 
|  76|0x000000008f800000, 0x000000008f800000, 0x000000008f900000|  0%| F|  |TAMS 0x000000008f800000| PB 0x000000008f800000| Untracked 
|  77|0x000000008f900000, 0x000000008f900000, 0x000000008fa00000|  0%| F|  |TAMS 0x000000008f900000| PB 0x000000008f900000| Untracked 
|  78|0x000000008fa00000, 0x000000008fa00000, 0x000000008fb00000|  0%| F|  |TAMS 0x000000008fa00000| PB 0x000000008fa00000| Untracked 
|  79|0x000000008fb00000, 0x000000008fb00000, 0x000000008fc00000|  0%| F|  |TAMS 0x000000008fb00000| PB 0x000000008fb00000| Untracked 
|  80|0x000000008fc00000, 0x000000008fc00000, 0x000000008fd00000|  0%| F|  |TAMS 0x000000008fc00000| PB 0x000000008fc00000| Untracked 
|  81|0x000000008fd00000, 0x000000008fd00000, 0x000000008fe00000|  0%| F|  |TAMS 0x000000008fd00000| PB 0x000000008fd00000| Untracked 
|  82|0x000000008fe00000, 0x000000008fe00000, 0x000000008ff00000|  0%| F|  |TAMS 0x000000008fe00000| PB 0x000000008fe00000| Untracked 
|  83|0x000000008ff00000, 0x000000008ff00000, 0x0000000090000000|  0%| F|  |TAMS 0x000000008ff00000| PB 0x000000008ff00000| Untracked 
|  84|0x0000000090000000, 0x0000000090000000, 0x0000000090100000|  0%| F|  |TAMS 0x0000000090000000| PB 0x0000000090000000| Untracked 
|  85|0x0000000090100000, 0x0000000090100000, 0x0000000090200000|  0%| F|  |TAMS 0x0000000090100000| PB 0x0000000090100000| Untracked 
|  86|0x0000000090200000, 0x0000000090200000, 0x0000000090300000|  0%| F|  |TAMS 0x0000000090200000| PB 0x0000000090200000| Untracked 
|  87|0x0000000090300000, 0x0000000090300000, 0x0000000090400000|  0%| F|  |TAMS 0x0000000090300000| PB 0x0000000090300000| Untracked 
|  88|0x0000000090400000, 0x0000000090400000, 0x0000000090500000|  0%| F|  |TAMS 0x0000000090400000| PB 0x0000000090400000| Untracked 
|  89|0x0000000090500000, 0x0000000090500000, 0x0000000090600000|  0%| F|  |TAMS 0x0000000090500000| PB 0x0000000090500000| Untracked 
|  90|0x0000000090600000, 0x0000000090600000, 0x0000000090700000|  0%| F|  |TAMS 0x0000000090600000| PB 0x0000000090600000| Untracked 
|  91|0x0000000090700000, 0x0000000090700000, 0x0000000090800000|  0%| F|  |TAMS 0x0000000090700000| PB 0x0000000090700000| Untracked 
|  92|0x0000000090800000, 0x0000000090800000, 0x0000000090900000|  0%| F|  |TAMS 0x0000000090800000| PB 0x0000000090800000| Untracked 
|  93|0x0000000090900000, 0x0000000090900000, 0x0000000090a00000|  0%| F|  |TAMS 0x0000000090900000| PB 0x0000000090900000| Untracked 
|  94|0x0000000090a00000, 0x0000000090a00000, 0x0000000090b00000|  0%| F|  |TAMS 0x0000000090a00000| PB 0x0000000090a00000| Untracked 
|  95|0x0000000090b00000, 0x0000000090b00000, 0x0000000090c00000|  0%| F|  |TAMS 0x0000000090b00000| PB 0x0000000090b00000| Untracked 
|  96|0x0000000090c00000, 0x0000000090c00000, 0x0000000090d00000|  0%| F|  |TAMS 0x0000000090c00000| PB 0x0000000090c00000| Untracked 
|  97|0x0000000090d00000, 0x0000000090d00000, 0x0000000090e00000|  0%| F|  |TAMS 0x0000000090d00000| PB 0x0000000090d00000| Untracked 
|  98|0x0000000090e00000, 0x0000000090e00000, 0x0000000090f00000|  0%| F|  |TAMS 0x0000000090e00000| PB 0x0000000090e00000| Untracked 
|  99|0x0000000090f00000, 0x0000000090f00000, 0x0000000091000000|  0%| F|  |TAMS 0x0000000090f00000| PB 0x0000000090f00000| Untracked 
| 100|0x0000000091000000, 0x0000000091000000, 0x0000000091100000|  0%| F|  |TAMS 0x0000000091000000| PB 0x0000000091000000| Untracked 
| 101|0x0000000091100000, 0x0000000091100000, 0x0000000091200000|  0%| F|  |TAMS 0x0000000091100000| PB 0x0000000091100000| Untracked 
| 102|0x0000000091200000, 0x0000000091200000, 0x0000000091300000|  0%| F|  |TAMS 0x0000000091200000| PB 0x0000000091200000| Untracked 
| 103|0x0000000091300000, 0x0000000091300000, 0x0000000091400000|  0%| F|  |TAMS 0x0000000091300000| PB 0x0000000091300000| Untracked 
| 104|0x0000000091400000, 0x0000000091400000, 0x0000000091500000|  0%| F|  |TAMS 0x0000000091400000| PB 0x0000000091400000| Untracked 
| 105|0x0000000091500000, 0x0000000091500000, 0x0000000091600000|  0%| F|  |TAMS 0x0000000091500000| PB 0x0000000091500000| Untracked 
| 106|0x0000000091600000, 0x0000000091600000, 0x0000000091700000|  0%| F|  |TAMS 0x0000000091600000| PB 0x0000000091600000| Untracked 
| 107|0x0000000091700000, 0x0000000091700000, 0x0000000091800000|  0%| F|  |TAMS 0x0000000091700000| PB 0x0000000091700000| Untracked 
| 108|0x0000000091800000, 0x0000000091800000, 0x0000000091900000|  0%| F|  |TAMS 0x0000000091800000| PB 0x0000000091800000| Untracked 
| 109|0x0000000091900000, 0x0000000091900000, 0x0000000091a00000|  0%| F|  |TAMS 0x0000000091900000| PB 0x0000000091900000| Untracked 
| 110|0x0000000091a00000, 0x0000000091a00000, 0x0000000091b00000|  0%| F|  |TAMS 0x0000000091a00000| PB 0x0000000091a00000| Untracked 
| 111|0x0000000091b00000, 0x0000000091b00000, 0x0000000091c00000|  0%| F|  |TAMS 0x0000000091b00000| PB 0x0000000091b00000| Untracked 
| 112|0x0000000091c00000, 0x0000000091c764b8, 0x0000000091d00000| 46%| E|  |TAMS 0x0000000091c00000| PB 0x0000000091c00000| Complete 
| 113|0x0000000091d00000, 0x0000000091e00000, 0x0000000091e00000|100%| E|CS|TAMS 0x0000000091d00000| PB 0x0000000091d00000| Complete 
| 114|0x0000000091e00000, 0x0000000091f00000, 0x0000000091f00000|100%| E|CS|TAMS 0x0000000091e00000| PB 0x0000000091e00000| Complete 
| 115|0x0000000091f00000, 0x0000000092000000, 0x0000000092000000|100%| E|CS|TAMS 0x0000000091f00000| PB 0x0000000091f00000| Complete 
| 116|0x0000000092000000, 0x0000000092100000, 0x0000000092100000|100%| E|CS|TAMS 0x0000000092000000| PB 0x0000000092000000| Complete 
| 117|0x0000000092100000, 0x0000000092200000, 0x0000000092200000|100%| E|CS|TAMS 0x0000000092100000| PB 0x0000000092100000| Complete 

Card table byte_map: [0x0000021e10030000,0x0000021e103e0000] _byte_map_base: 0x0000021e0fbda000

Marking Bits: (CMBitMap*) 0x0000021e766e3e90
 Bits: [0x0000021e10790000, 0x0000021e124e0000)

Polling page: 0x0000021e76740000

Metaspace:

Usage:
  Non-class:      3.76 MB used.
      Class:    471.34 KB used.
       Both:      4.22 MB used.

Virtual space:
  Non-class space:       64.00 MB reserved,       3.81 MB (  6%) committed,  1 nodes.
      Class space:        1.00 GB reserved,     512.00 KB ( <1%) committed,  1 nodes.
             Both:        1.06 GB reserved,       4.31 MB ( <1%) committed. 

Chunk freelists:
   Non-Class:  3.88 MB
       Class:  3.50 MB
        Both:  7.38 MB

MaxMetaspaceSize: unlimited
CompressedClassSpaceSize: 1.00 GB
Initial GC threshold: 21.00 MB
Current GC threshold: 21.00 MB
CDS: on
MetaspaceReclaimPolicy: balanced
 - commit_granule_bytes: 65536.
 - commit_granule_words: 8192.
 - virtual_space_node_default_size: 8388608.
 - enlarge_chunks_in_place: 1.
 - new_chunks_are_fully_committed: 0.
 - uncommit_free_chunks: 1.
 - use_allocation_guard: 0.


Internal statistics:

num_allocs_failed_limit: 0.
num_arena_births: 114.
num_arena_deaths: 0.
num_vsnodes_births: 2.
num_vsnodes_deaths: 0.
num_space_committed: 69.
num_space_uncommitted: 0.
num_chunks_returned_to_freelist: 0.
num_chunks_taken_from_freelist: 134.
num_chunk_merges: 0.
num_chunk_splits: 82.
num_chunks_enlarged: 36.
num_inconsistent_stats: 0.

CodeHeap 'non-profiled nmethods': size=120000Kb used=161Kb max_used=161Kb free=119838Kb
 bounds [0x0000021e07ad0000, 0x0000021e07d40000, 0x0000021e0f000000]
CodeHeap 'profiled nmethods': size=120000Kb used=748Kb max_used=748Kb free=119252Kb
 bounds [0x0000021e00000000, 0x0000021e00270000, 0x0000021e07530000]
CodeHeap 'non-nmethods': size=5760Kb used=1472Kb max_used=1476Kb free=4287Kb
 bounds [0x0000021e07530000, 0x0000021e077a0000, 0x0000021e07ad0000]
 total_blobs=1052 nmethods=547 adapters=416
 compilation: enabled
              stopped_count=0, restarted_count=0
 full_count=0

Compilation events (20 events):
Event: 0.538 Thread 0x0000021e1514ad40  536       3       java.lang.ref.Reference::<init> (7 bytes)
Event: 0.538 Thread 0x0000021e1514ad40 nmethod 536 0x0000021e000b7b90 code [0x0000021e000b7d40, 0x0000021e000b7ff0]
Event: 0.538 Thread 0x0000021e1514ad40  537       1       java.lang.reflect.Field::getName (5 bytes)
Event: 0.538 Thread 0x0000021e1514ad40 nmethod 537 0x0000021e07af7190 code [0x0000021e07af7300, 0x0000021e07af73c8]
Event: 0.542 Thread 0x0000021e1514ad40  540       3       sun.invoke.util.BytecodeDescriptor::unparseSig (49 bytes)
Event: 0.543 Thread 0x0000021e1514ad40 nmethod 540 0x0000021e000b8110 code [0x0000021e000b8320, 0x0000021e000b8778]
Event: 0.543 Thread 0x0000021e1514ad40  541       3       sun.invoke.util.Wrapper::forBasicType (103 bytes)
Event: 0.543 Thread 0x0000021e1514ad40 nmethod 541 0x0000021e000b8990 code [0x0000021e000b8ba0, 0x0000021e000b90c0]
Event: 0.544 Thread 0x0000021e1514ad40  542       3       sun.util.logging.PlatformLogger::isLoggable (23 bytes)
Event: 0.545 Thread 0x0000021e1514ad40 nmethod 542 0x0000021e000b9190 code [0x0000021e000b9340, 0x0000021e000b9618]
Event: 0.545 Thread 0x0000021e1514ad40  543       3       jdk.internal.logger.AbstractLoggerWrapper::isLoggable (26 bytes)
Event: 0.545 Thread 0x0000021e1514ad40 nmethod 543 0x0000021e000b9710 code [0x0000021e000b98e0, 0x0000021e000b9e70]
Event: 0.546 Thread 0x0000021e1514ad40  544   !   3       sun.awt.AppContext::get (123 bytes)
Event: 0.547 Thread 0x0000021e1514ad40 nmethod 544 0x0000021e000ba010 code [0x0000021e000ba220, 0x0000021e000bac88]
Event: 0.547 Thread 0x0000021e1514ad40  545       1       java.beans.PropertyChangeEvent::getPropertyName (5 bytes)
Event: 0.547 Thread 0x0000021e1514ad40 nmethod 545 0x0000021e07af7d90 code [0x0000021e07af7f00, 0x0000021e07af7fc8]
Event: 0.548 Thread 0x0000021e1514ad40  546       1       java.beans.PropertyChangeEvent::getOldValue (5 bytes)
Event: 0.548 Thread 0x0000021e1514ad40 nmethod 546 0x0000021e07af8090 code [0x0000021e07af8200, 0x0000021e07af82c8]
Event: 0.548 Thread 0x0000021e1514ad40  547       1       java.beans.PropertyChangeEvent::getNewValue (5 bytes)
Event: 0.548 Thread 0x0000021e1514ad40 nmethod 547 0x0000021e07af8390 code [0x0000021e07af8500, 0x0000021e07af85c8]

GC Heap History (0 events):
No events

Dll operation events (7 events):
Event: 0.020 Loaded shared library C:\Program Files\Java\jdk-20\bin\java.dll
Event: 0.039 Loaded shared library C:\Program Files\Java\jdk-20\bin\jsvml.dll
Event: 0.127 Loaded shared library C:\Program Files\Java\jdk-20\bin\net.dll
Event: 0.133 Loaded shared library C:\Program Files\Java\jdk-20\bin\nio.dll
Event: 0.166 Loaded shared library C:\Program Files\Java\jdk-20\bin\zip.dll
Event: 0.184 Loaded shared library C:\Program Files\Java\jdk-20\bin\jimage.dll
Event: 0.208 Loaded shared library C:\Program Files\Java\jdk-20\bin\awt.dll

Deoptimization events (4 events):
Event: 0.438 Thread 0x0000021e76688f70 Uncommon trap: trap_request=0xffffff45 fr.pc=0x0000021e07adf8b4 relative=0x0000000000000934
Event: 0.438 Thread 0x0000021e76688f70 Uncommon trap: reason=unstable_if action=reinterpret pc=0x0000021e07adf8b4 method=java.util.HashMap.putVal(ILjava/lang/Object;Ljava/lang/Object;ZZ)Ljava/lang/Object; @ 236 c2
Event: 0.438 Thread 0x0000021e76688f70 DEOPT PACKING pc=0x0000021e07adf8b4 sp=0x00000043167fe1a0
Event: 0.438 Thread 0x0000021e76688f70 DEOPT UNPACKING pc=0x0000021e07599d22 sp=0x00000043167fe148 mode 2

Classes loaded (20 events):
Event: 0.551 Loading class java/awt/event/WindowListener
Event: 0.551 Loading class java/awt/event/WindowListener done
Event: 0.551 Loading class java/awt/event/WindowFocusListener
Event: 0.551 Loading class java/awt/event/WindowFocusListener done
Event: 0.551 Loading class java/awt/event/WindowStateListener
Event: 0.551 Loading class java/awt/event/WindowStateListener done
Event: 0.551 Loading class java/awt/event/ItemListener
Event: 0.551 Loading class java/awt/event/ItemListener done
Event: 0.551 Loading class java/awt/event/AdjustmentListener
Event: 0.551 Loading class java/awt/event/AdjustmentListener done
Event: 0.551 Loading class java/awt/event/TextListener
Event: 0.551 Loading class java/awt/event/TextListener done
Event: 0.551 Loading class java/awt/event/InputMethodListener
Event: 0.551 Loading class java/awt/event/InputMethodListener done
Event: 0.551 Loading class java/awt/event/HierarchyListener
Event: 0.551 Loading class java/awt/event/HierarchyListener done
Event: 0.551 Loading class java/awt/event/HierarchyBoundsListener
Event: 0.551 Loading class java/awt/event/HierarchyBoundsListener done
Event: 0.551 Loading class java/awt/event/MouseWheelListener
Event: 0.551 Loading class java/awt/event/MouseWheelListener done

Classes unloaded (0 events):
No events

Classes redefined (0 events):
No events

Internal exceptions (11 events):
Event: 0.135 Thread 0x0000021e76688f70 Exception <a 'sun/nio/fs/WindowsException'{0x0000000092043a00}> (0x0000000092043a00) 
thrown [s\open\src\hotspot\share\prims\jni.cpp, line 519]
Event: 0.138 Thread 0x0000021e76688f70 Exception <a 'sun/nio/fs/WindowsException'{0x0000000092045fe8}> (0x0000000092045fe8) 
thrown [s\open\src\hotspot\share\prims\jni.cpp, line 519]
Event: 0.193 Thread 0x0000021e76688f70 Exception <a 'java/lang/ClassNotFoundException'{0x0000000091f924f8}: sun/awt/resources/spi/awtProvider> (0x0000000091f924f8) 
thrown [s\open\src\hotspot\share\classfile\systemDictionary.cpp, line 305]
Event: 0.229 Thread 0x0000021e76688f70 Exception <a 'java/io/FileNotFoundException'{0x0000000091fe8c08}> (0x0000000091fe8c08) 
thrown [s\open\src\hotspot\share\prims\jni.cpp, line 519]
Event: 0.240 Thread 0x0000021e76688f70 Exception <a 'java/io/FileNotFoundException'{0x0000000091e13550}> (0x0000000091e13550) 
thrown [s\open\src\hotspot\share\prims\jni.cpp, line 519]
Event: 0.442 Thread 0x0000021e76688f70 Exception <a 'java/lang/NoSuchMethodError'{0x0000000091d31820}: 'void java.lang.invoke.DirectMethodHandle$Holder.invokeSpecial(java.lang.Object, java.lang.Object, java.lang.Object)'> (0x0000000091d31820) 
thrown [s\open\src\hotspot\share\interpreter\linkResolver.cpp, line 773]
Event: 0.457 Thread 0x0000021e76688f70 Exception <a 'java/lang/NoSuchMethodError'{0x0000000091d5bf68}: 'java.lang.Object java.lang.invoke.DirectMethodHandle$Holder.newInvokeSpecial(java.lang.Object, java.lang.Object, java.lang.Object, java.lang.Object, java.lang.Object)'> (0x0000000091d5bf68) 
thrown [s\open\src\hotspot\share\interpreter\linkResolver.cpp, line 773]
Event: 0.468 Thread 0x0000021e76688f70 Exception <a 'java/lang/NoSuchMethodError'{0x0000000091d8ca70}: 'java.lang.Object java.lang.invoke.DirectMethodHandle$Holder.invokeStatic(java.lang.Object, int, java.lang.Object)'> (0x0000000091d8ca70) 
thrown [s\open\src\hotspot\share\interpreter\linkResolver.cpp, line 773]
Event: 0.522 Thread 0x0000021e76688f70 Exception <a 'java/lang/ClassNotFoundException'{0x0000000091c48138}: com/sun/swing/internal/plaf/metal/resources/spi/metalProvider> (0x0000000091c48138) 
thrown [s\open\src\hotspot\share\classfile\systemDictionary.cpp, line 305]
Event: 0.524 Thread 0x0000021e76688f70 Exception <a 'java/lang/ClassNotFoundException'{0x0000000091c4c098}: com/sun/swing/internal/plaf/basic/resources/spi/basicProvider> (0x0000000091c4c098) 
thrown [s\open\src\hotspot\share\classfile\systemDictionary.cpp, line 305]
Event: 0.542 Thread 0x0000021e76688f70 Exception <a 'java/lang/NoSuchMethodError'{0x0000000091c6b218}: 'int java.lang.invoke.Invokers$Holder.invokeExact_MT(java.lang.Object, java.lang.Object)'> (0x0000000091c6b218) 
thrown [s\open\src\hotspot\share\interpreter\linkResolver.cpp, line 773]

VM Operations (4 events):
Event: 0.140 Executing VM operation: HandshakeAllThreads
Event: 0.140 Executing VM operation: HandshakeAllThreads done
Event: 0.250 Executing VM operation: HandshakeAllThreads
Event: 0.251 Executing VM operation: HandshakeAllThreads done

Events (16 events):
Event: 0.040 Thread 0x0000021e76688f70 Thread added: 0x0000021e76688f70
Event: 0.068 Thread 0x0000021e15141d70 Thread added: 0x0000021e15141d70
Event: 0.069 Thread 0x0000021e151429b0 Thread added: 0x0000021e151429b0
Event: 0.069 Thread 0x0000021e151477e0 Thread added: 0x0000021e151477e0
Event: 0.069 Thread 0x0000021e151483a0 Thread added: 0x0000021e151483a0
Event: 0.069 Thread 0x0000021e15148ce0 Thread added: 0x0000021e15148ce0
Event: 0.069 Thread 0x0000021e15149620 Thread added: 0x0000021e15149620
Event: 0.069 Thread 0x0000021e1514a290 Thread added: 0x0000021e1514a290
Event: 0.070 Thread 0x0000021e1514ad40 Thread added: 0x0000021e1514ad40
Event: 0.106 Thread 0x0000021e194a2fb0 Thread added: 0x0000021e194a2fb0
Event: 0.155 Thread 0x0000021e19599cd0 Thread added: 0x0000021e19599cd0
Event: 0.161 Thread 0x0000021e195dab00 Thread added: 0x0000021e195dab00
Event: 0.317 Thread 0x0000021e19757070 Thread added: 0x0000021e19757070
Event: 0.320 Thread 0x0000021e1975b2c0 Thread added: 0x0000021e1975b2c0
Event: 0.323 Thread 0x0000021e19762910 Thread added: 0x0000021e19762910
Event: 0.449 Thread 0x0000021e195dab00 Thread exited: 0x0000021e195dab00


Dynamic libraries:
0x00007ff749f40000 - 0x00007ff749f50000 	C:\Program Files\Java\jdk-20\bin\java.exe
0x00007ffd9ac30000 - 0x00007ffd9ae44000 	C:\windows\SYSTEM32\ntdll.dll
0x00007ffd99680000 - 0x00007ffd99742000 	C:\windows\System32\KERNEL32.DLL
0x00007ffd98350000 - 0x00007ffd986f3000 	C:\windows\System32\KERNELBASE.dll
0x00007ffd92350000 - 0x00007ffd923e7000 	C:\windows\SYSTEM32\apphelp.dll
0x00007ffd98190000 - 0x00007ffd982a1000 	C:\windows\System32\ucrtbase.dll
0x00007ffd750d0000 - 0x00007ffd750eb000 	C:\Program Files\Java\jdk-20\bin\VCRUNTIME140.dll
0x00007ffd5b910000 - 0x00007ffd5b929000 	C:\Program Files\Java\jdk-20\bin\jli.dll
0x00007ffd98a30000 - 0x00007ffd98ade000 	C:\windows\System32\ADVAPI32.dll
0x00007ffd9a740000 - 0x00007ffd9a7e7000 	C:\windows\System32\msvcrt.dll
0x00007ffd99510000 - 0x00007ffd995b4000 	C:\windows\System32\sechost.dll
0x00007ffd9a590000 - 0x00007ffd9a6a7000 	C:\windows\System32\RPCRT4.dll
0x00007ffd9a3e0000 - 0x00007ffd9a58b000 	C:\windows\System32\USER32.dll
0x00007ffd98700000 - 0x00007ffd98726000 	C:\windows\System32\win32u.dll
0x00007ffd7a090000 - 0x00007ffd7a31e000 	C:\windows\WinSxS\amd64_microsoft.windows.common-controls_6595b64144ccf1df_6.0.22621.1635_none_270f70857386168e\COMCTL32.dll
0x00007ffd9a710000 - 0x00007ffd9a739000 	C:\windows\System32\GDI32.dll
0x00007ffd988a0000 - 0x00007ffd989b8000 	C:\windows\System32\gdi32full.dll
0x00007ffd982b0000 - 0x00007ffd9834a000 	C:\windows\System32\msvcp_win.dll
0x00007ffd8f730000 - 0x00007ffd8f73a000 	C:\windows\SYSTEM32\VERSION.dll
0x00007ffd9a9a0000 - 0x00007ffd9a9d1000 	C:\windows\System32\IMM32.DLL
0x00007ffd7c4c0000 - 0x00007ffd7c4cc000 	C:\Program Files\Java\jdk-20\bin\vcruntime140_1.dll
0x00007ffd5b430000 - 0x00007ffd5b4be000 	C:\Program Files\Java\jdk-20\bin\msvcp140.dll
0x00007ffd43480000 - 0x00007ffd44117000 	C:\Program Files\Java\jdk-20\bin\server\jvm.dll
0x00007ffd90970000 - 0x00007ffd909a4000 	C:\windows\SYSTEM32\WINMM.dll
0x00007ffd86bc0000 - 0x00007ffd86bc9000 	C:\windows\SYSTEM32\WSOCK32.dll
0x00007ffd98be0000 - 0x00007ffd98c51000 	C:\windows\System32\WS2_32.dll
0x00007ffd970a0000 - 0x00007ffd970b8000 	C:\windows\SYSTEM32\kernel.appcore.dll
0x00007ffd75420000 - 0x00007ffd7542a000 	C:\Program Files\Java\jdk-20\bin\jimage.dll
0x00007ffd87f20000 - 0x00007ffd8814e000 	C:\windows\SYSTEM32\DBGHELP.DLL
0x00007ffd99750000 - 0x00007ffd99ad9000 	C:\windows\System32\combase.dll
0x00007ffd9a9e0000 - 0x00007ffd9aab7000 	C:\windows\System32\OLEAUT32.dll
0x00007ffd87720000 - 0x00007ffd87752000 	C:\windows\SYSTEM32\dbgcore.DLL
0x00007ffd98050000 - 0x00007ffd980cb000 	C:\windows\System32\bcryptPrimitives.dll
0x00007ffd73fd0000 - 0x00007ffd73ff6000 	C:\Program Files\Java\jdk-20\bin\java.dll
0x00007ffd56c40000 - 0x00007ffd56d17000 	C:\Program Files\Java\jdk-20\bin\jsvml.dll
0x00007ffd98c60000 - 0x00007ffd9945a000 	C:\windows\System32\SHELL32.dll
0x00007ffd96020000 - 0x00007ffd968ee000 	C:\windows\SYSTEM32\windows.storage.dll
0x00007ffd95ee0000 - 0x00007ffd9601e000 	C:\windows\SYSTEM32\wintypes.dll
0x00007ffd98ae0000 - 0x00007ffd98bd1000 	C:\windows\System32\SHCORE.dll
0x00007ffd99cb0000 - 0x00007ffd99d0e000 	C:\windows\System32\shlwapi.dll
0x00007ffd97f80000 - 0x00007ffd97fa1000 	C:\windows\SYSTEM32\profapi.dll
0x00007ffd743b0000 - 0x00007ffd743c3000 	C:\Program Files\Java\jdk-20\bin\net.dll
0x00007ffd93f80000 - 0x00007ffd940b7000 	C:\windows\SYSTEM32\WINHTTP.dll
0x00007ffd97580000 - 0x00007ffd975e9000 	C:\windows\system32\mswsock.dll
0x00007ffd73b50000 - 0x00007ffd73b66000 	C:\Program Files\Java\jdk-20\bin\nio.dll
0x00007ffd737d0000 - 0x00007ffd737e8000 	C:\Program Files\Java\jdk-20\bin\zip.dll
0x00007ffd4aa40000 - 0x00007ffd4abd1000 	C:\Program Files\Java\jdk-20\bin\awt.dll
0x00007ffd95850000 - 0x00007ffd9587b000 	C:\windows\system32\DWMAPI.DLL
0x00007ffd955a0000 - 0x00007ffd9564b000 	C:\windows\system32\uxtheme.dll
0x00007ffd47e50000 - 0x00007ffd47f50000 	C:\windows\system32\opengl32.dll
0x00007ffd5d8b0000 - 0x00007ffd5d8dd000 	C:\windows\SYSTEM32\GLU32.dll
0x00007ffd956e0000 - 0x00007ffd95716000 	C:\windows\SYSTEM32\dxcore.dll
0x00007ffd99ae0000 - 0x00007ffd99bfe000 	C:\windows\System32\MSCTF.dll
0x00007ffd9a7f0000 - 0x00007ffd9a98c000 	C:\windows\System32\ole32.dll
0x00007ffd1fb90000 - 0x00007ffd1fd39000 	C:\windows\system32\d3d9.dll
0x00007ffd83570000 - 0x00007ffd8372a000 	C:\windows\System32\DriverStore\FileRepository\u0380908.inf_amd64_3105c1702c47b731\B380794\aticfx64.dll
0x00007ffcdde60000 - 0x00007ffcdde94000 	C:\windows\System32\DriverStore\FileRepository\u0380908.inf_amd64_3105c1702c47b731\B380794\atiu9p64.dll
0x00007ffcdd100000 - 0x00007ffcdde56000 	C:\windows\System32\DriverStore\FileRepository\u0380908.inf_amd64_3105c1702c47b731\B380794\atiumd64.dll
0x00007ffd83510000 - 0x00007ffd83540000 	C:\windows\SYSTEM32\amdihk64.dll
0x00007ffd89330000 - 0x00007ffd89378000 	C:\windows\SYSTEM32\directxdatabasehelper.dll

dbghelp: loaded successfully - version: 4.0.5 - missing functions: none
symbol engine: initialized successfully - sym options: 0x614 - pdb path: .;C:\Program Files\Java\jdk-20\bin;C:\windows\SYSTEM32;C:\windows\WinSxS\amd64_microsoft.windows.common-controls_6595b64144ccf1df_6.0.22621.1635_none_270f70857386168e;C:\Program Files\Java\jdk-20\bin\server;C:\windows\System32\DriverStore\FileRepository\u0380908.inf_amd64_3105c1702c47b731\B380794

VM Arguments:
jvm_args: -Dfile.encoding=UTF-8 --module-path=C:\Users\mkjai\OneDrive\Documents\NetBeansProjects\LibraryManagement\build\classes 
java_command: Library.IssueBook
java_class_path (initial): C:\Users\mkjai\OneDrive\Documents\mysql-connector-j-8.0.33\mysql-connector-j-8.0.33.jar;C:\Users\mkjai\OneDrive\Documents\NetBeansProjects\LibraryManagement\build\classes
Launcher Type: SUN_STANDARD

[Global flags]
     intx CICompilerCount                          = 4                                         {product} {ergonomic}
     uint ConcGCThreads                            = 3                                         {product} {ergonomic}
     uint G1ConcRefinementThreads                  = 10                                        {product} {ergonomic}
   size_t G1HeapRegionSize                         = 1048576                                   {product} {ergonomic}
    uintx GCDrainStackTargetSize                   = 64                                        {product} {ergonomic}
   size_t InitialHeapSize                          = 123731968                                 {product} {ergonomic}
   size_t MarkStackSize                            = 4194304                                   {product} {ergonomic}
   size_t MaxHeapSize                              = 1967128576                                {product} {ergonomic}
   size_t MaxNewSize                               = 1179648000                                {product} {ergonomic}
   size_t MinHeapDeltaBytes                        = 1048576                                   {product} {ergonomic}
   size_t MinHeapSize                              = 8388608                                   {product} {ergonomic}
    uintx NonNMethodCodeHeapSize                   = 5839372                                {pd product} {ergonomic}
    uintx NonProfiledCodeHeapSize                  = 122909434                              {pd product} {ergonomic}
    uintx ProfiledCodeHeapSize                     = 122909434                              {pd product} {ergonomic}
    uintx ReservedCodeCacheSize                    = 251658240                              {pd product} {ergonomic}
     bool SegmentedCodeCache                       = true                                      {product} {ergonomic}
   size_t SoftMaxHeapSize                          = 1967128576                             {manageable} {ergonomic}
     bool UseCompressedClassPointers               = true                           {product lp64_product} {ergonomic}
     bool UseCompressedOops                        = true                           {product lp64_product} {ergonomic}
     bool UseG1GC                                  = true                                      {product} {ergonomic}
     bool UseLargePagesIndividualAllocation        = false                                  {pd product} {ergonomic}

Logging:
Log output configuration:
 #0: stdout all=warning uptime,level,tags foldmultilines=false
 #1: stderr all=off uptime,level,tags foldmultilines=false

Environment Variables:
PATH=C:\Program Files\Common Files\Oracle\Java\javapath;C:\Program Files (x86)\Common Files\Oracle\Java\javapath;C:\windows\system32;C:\windows;C:\windows\System32\Wbem;C:\windows\System32\WindowsPowerShell\v1.0\;C:\windows\System32\OpenSSH\;C:\Program Files\Java\jdk-20\bin;C:\Users\mkjai\AppData\Local\Microsoft\WindowsApps;
USERNAME=mkjai
OS=Windows_NT
PROCESSOR_IDENTIFIER=AMD64 Family 23 Model 104 Stepping 1, AuthenticAMD
TMP=C:\Users\mkjai\AppData\Local\Temp
TEMP=C:\Users\mkjai\AppData\Local\Temp




---------------  S Y S T E M  ---------------

OS:
 Windows 11 , 64 bit Build 22621 (10.0.22621.1635)
OS uptime: 11 days 19:54 hours
Hyper-V role detected

CPU: total 12 (initial active 12) (12 cores per cpu, 2 threads per core) family 23 model 104 stepping 1 microcode 0x0, cx8, cmov, fxsr, ht, mmx, 3dnowpref, sse, sse2, sse3, ssse3, sse4a, sse4.1, sse4.2, popcnt, lzcnt, tsc, tscinvbit, avx, avx2, aes, clmul, bmi1, bmi2, adx, sha, fma, vzeroupper, clflush, clflushopt, hv, rdtscp, rdpid, f16c

Memory: 4k page, system-wide physical 7502M (541M free)
TotalPageFile size 30030M (AvailPageFile size 4M)
current process WorkingSet (physical memory assigned to process): 51M, peak: 51M
current process commit charge ("private bytes"): 211M, peak: 217M

vm_info: Java HotSpot(TM) 64-Bit Server VM (20.0.1+9-29) for windows-amd64 JRE (20.0.1+9-29), built on 2023-03-07T13:56:11Z by "mach5one" with MS VC++ 17.1 (VS2022)

END.
